#
# There is insufficient memory for the Java Runtime Environment to continue.
# Native memory allocation (mmap) failed to map 65536 bytes. Error detail: Failed to commit metaspace.
# Possible reasons:
#   The system is out of physical RAM or swap space
#   This process is running with CompressedOops enabled, and the Java Heap may be blocking the growth of the native heap
# Possible solutions:
#   Reduce memory load on the system
#   Increase physical memory or swap space
#   Check if swap backing store is full
#   Decrease Java heap size (-Xmx/-Xms)
#   Decrease number of Java threads
#   Decrease Java thread stack sizes (-Xss)
#   Set larger code cache with -XX:ReservedCodeCacheSize=
#   JVM is running with Unscaled Compressed Oops mode in which the Java heap is
#     placed in the first 4GB address space. The Java Heap base address is the
#     maximum limit for the native heap growth. Please use -XX:HeapBaseMinAddress
#     to set the Java Heap base and to place the Java Heap above 4GB virtual address.
# This output file may be truncated or incomplete.
#
#  Out of Memory Error (virtualSpaceNode.cpp:112), pid=1352, tid=1180
#
# JRE version: OpenJDK Runtime Environment (22.0.1+8) (build 22.0.1+8-16)
# Java VM: OpenJDK 64-Bit Server VM (22.0.1+8-16, mixed mode, emulated-client, sharing, tiered, compressed oops, compressed class ptrs, g1 gc, windows-amd64)
# No core dump will be written. Minidumps are not enabled by default on client versions of Windows
#

---------------  S U M M A R Y ------------

Command Line: -XX:TieredStopAtLevel=1 -Dspring.output.ansi.enabled=always -Dcom.sun.management.jmxremote -Dspring.jmx.enabled=true -Dspring.liveBeansView.mbeanDomain -Dspring.application.admin.enabled=true -Dmanagement.endpoints.jmx.exposure.include=* -javaagent:C:\Users\Ульяна\AppData\Local\Programs\IntelliJ IDEA Ultimate\lib\idea_rt.jar=65173:C:\Users\Ульяна\AppData\Local\Programs\IntelliJ IDEA Ultimate\bin -Dfile.encoding=UTF-8 -Dsun.stdout.encoding=UTF-8 -Dsun.stderr.encoding=UTF-8 ru.java.kursach.tracking_attendance.TrackingAttendanceApplication

Host: AMD Ryzen 3 3200U with Radeon Vega Mobile Gfx  , 4 cores, 3G,  Windows 10 , 64 bit Build 19041 (10.0.19041.3636)
Time: Thu Jun 27 04:52:46 2024 RTZ 2 (s 10 , 64 bit Build 19041 (10.0.19041.3636) elapsed time: 4.843899 seconds (0d 0h 0m 4s)

---------------  T H R E A D  ---------------

Current thread (0x000002144e7a5570):  JavaThread "background-preinit"        [_thread_in_vm, id=1180, stack(0x000000767d500000,0x000000767d600000) (1024K)]

Stack: [0x000000767d500000,0x000000767d600000]
Native frames: (J=compiled Java code, j=interpreted, Vv=VM code, C=native code)
V  [jvm.dll+0x6e2279]  (no source info available)
V  [jvm.dll+0x874e33]  (no source info available)
V  [jvm.dll+0x87725e]  (no source info available)
V  [jvm.dll+0x877933]  (no source info available)
V  [jvm.dll+0x27fd76]  (no source info available)
V  [jvm.dll+0x870a7e]  (no source info available)
V  [jvm.dll+0x6852e5]  (no source info available)
V  [jvm.dll+0x1e3eac]  (no source info available)
V  [jvm.dll+0x1e3c7e]  (no source info available)
V  [jvm.dll+0x687c38]  (no source info available)
V  [jvm.dll+0x2250ac]  (no source info available)
V  [jvm.dll+0x685cfe]  (no source info available)
V  [jvm.dll+0x26b190]  (no source info available)
V  [jvm.dll+0x215cf7]  (no source info available)
V  [jvm.dll+0x20b4ee]  (no source info available)
V  [jvm.dll+0x5c462f]  (no source info available)
V  [jvm.dll+0x7ec076]  (no source info available)
V  [jvm.dll+0x47ca36]  (no source info available)
V  [jvm.dll+0x4828e8]  (no source info available)
C  [java.dll+0x17e4]  (no source info available)
C  0x00000214607e070c  (no source info available)

The last pc belongs to native nmethod (printed below).
Java frames: (J=compiled Java code, j=interpreted, Vv=VM code)
J 1502  java.lang.ClassLoader.defineClass1(Ljava/lang/ClassLoader;Ljava/lang/String;[BIILjava/security/ProtectionDomain;Ljava/lang/String;)Ljava/lang/Class; java.base@22.0.1 (0 bytes) @ 0x00000214607e0671 [0x00000214607e05a0+0x00000000000000d1]
J 1637 c1 java.lang.ClassLoader.defineClass(Ljava/lang/String;[BIILjava/security/ProtectionDomain;)Ljava/lang/Class; java.base@22.0.1 (43 bytes) @ 0x0000021460813c7c [0x0000021460813b60+0x000000000000011c]
J 1506 c1 jdk.internal.loader.BuiltinClassLoader.defineClass(Ljava/lang/String;Ljdk/internal/loader/Resource;)Ljava/lang/Class; java.base@22.0.1 (121 bytes) @ 0x00000214607e4194 [0x00000214607e3c40+0x0000000000000554]
J 1501 c1 jdk.internal.loader.BuiltinClassLoader.findClassOnClassPathOrNull(Ljava/lang/String;)Ljava/lang/Class; java.base@22.0.1 (64 bytes) @ 0x00000214607e0fac [0x00000214607e0ce0+0x00000000000002cc]
J 1243 c1 jdk.internal.loader.BuiltinClassLoader.loadClassOrNull(Ljava/lang/String;Z)Ljava/lang/Class; java.base@22.0.1 (143 bytes) @ 0x000002146076c25c [0x000002146076be60+0x00000000000003fc]
J 1425 c1 jdk.internal.loader.ClassLoaders$AppClassLoader.loadClass(Ljava/lang/String;Z)Ljava/lang/Class; java.base@22.0.1 (40 bytes) @ 0x00000214607be28c [0x00000214607be240+0x000000000000004c]
J 1424 c1 java.lang.ClassLoader.loadClass(Ljava/lang/String;)Ljava/lang/Class; java.base@22.0.1 (7 bytes) @ 0x00000214607bdb74 [0x00000214607bdb20+0x0000000000000054]
v  ~StubRoutines::call_stub 0x000002146040100d
j  com.fasterxml.jackson.datatype.jsr310.JavaTimeModule.setupModule(Lcom/fasterxml/jackson/databind/Module$SetupContext;)V+646
j  com.fasterxml.jackson.databind.ObjectMapper.registerModule(Lcom/fasterxml/jackson/databind/Module;)Lcom/fasterxml/jackson/databind/ObjectMapper;+152
j  com.fasterxml.jackson.databind.ObjectMapper.registerModules(Ljava/lang/Iterable;)Lcom/fasterxml/jackson/databind/ObjectMapper;+35
j  org.springframework.http.converter.json.Jackson2ObjectMapperBuilder.configure(Lcom/fasterxml/jackson/databind/ObjectMapper;)V+187
j  org.springframework.http.converter.json.Jackson2ObjectMapperBuilder.build()Lcom/fasterxml/jackson/databind/ObjectMapper;+87
j  org.springframework.http.converter.json.MappingJackson2HttpMessageConverter.<init>()V+4
j  org.springframework.http.converter.support.AllEncompassingFormHttpMessageConverter.<init>()V+55
j  org.springframework.boot.autoconfigure.BackgroundPreinitializer$MessageConverterInitializer.run()V+4
j  org.springframework.boot.autoconfigure.BackgroundPreinitializer$1.runSafely(Ljava/lang/Runnable;)Z+1
j  org.springframework.boot.autoconfigure.BackgroundPreinitializer$1.run()V+32
j  java.lang.Thread.runWith(Ljava/lang/Object;Ljava/lang/Runnable;)V+5 java.base@22.0.1
j  java.lang.Thread.run()V+19 java.base@22.0.1
v  ~StubRoutines::call_stub 0x000002146040100d

Compiled method (n/a) 5639 1502     n 0       java.lang.ClassLoader::defineClass1 (native)
 total in heap  [0x00000214607e0410,0x00000214607e0a50] = 1600
 relocation     [0x00000214607e0568,0x00000214607e05a0] = 56
 main code      [0x00000214607e05a0,0x00000214607e0a4f] = 1199
 stub code      [0x00000214607e0a4f,0x00000214607e0a50] = 1

[Constant Pool (empty)]

[MachCode]
[Entry Point]
  # {method} {0x00000214003fd870} 'defineClass1' '(Ljava/lang/ClassLoader;Ljava/lang/String;[BIILjava/security/ProtectionDomain;Ljava/lang/String;)Ljava/lang/Class;' in 'java/lang/ClassLoader'
  # parm0:    rdx:rdx   = 'java/lang/ClassLoader'
  # parm1:    r8:r8     = 'java/lang/String'
  # parm2:    r9:r9     = '[B'
  # parm3:    rdi       = int
  # parm4:    rsi       = int
  # parm5:    rcx:rcx   = 'java/security/ProtectionDomain'
  # parm6:    [sp+0xa0]   = 'java/lang/String'  (sp of caller)
  0x00000214607e05a0: 448b 5208 | 49bb 0000 | 0000 1402 | 0000 4d03 | d349 3bc2 | 0f84 0600 

  0x00000214607e05b8: ;   {runtime_call ic_miss_stub}
  0x00000214607e05b8: 0000 e9c1 | e1c6 ff90 
[Verified Entry Point]
  0x00000214607e05c0: 8984 2400 | 80ff ff55 | 488b ec48 | 81ec 9000 | 0000 6690 | 4181 7f20 | 0100 0000 

  0x00000214607e05dc: ;   {runtime_call StubRoutines (final stubs)}
  0x00000214607e05dc: 7405 e8fd | 46c5 ff48 | 837d 1000 | 488d 4510 | 480f 4445 | 1048 8944 | 2440 4889 | 4c24 7048 
  0x00000214607e05fc: 83f9 0048 | 8d44 2470 | 480f 4444 | 2470 4889 | 4424 3848 | 8974 2430 | 4889 7c24 | 284c 894c 
  0x00000214607e061c: 2458 4983 | f900 488d | 4424 5848 | 0f44 4424 | 5848 8944 | 2420 4c89 | 4424 5049 | 83f8 004c 
  0x00000214607e063c: 8d4c 2450 | 4c0f 444c | 2450 4889 | 5424 4848 | 83fa 004c | 8d44 2448 | 4c0f 4444 

  0x00000214607e0658: ;   {oop(a 'java/lang/Class'{0x00000000ca399700} = 'java/lang/ClassLoader')}
  0x00000214607e0658: 2448 49be | 0097 39ca | 0000 0000 | 4c89 7424 | 784c 8d74 | 2478 498b | d6c5 f877 

  0x00000214607e0674: ;   {internal_word}
  0x00000214607e0674: 49ba 7106 | 7e60 1402 | 0000 4d89 | 97a8 0300 | 0049 89a7 | a003 0000 

  0x00000214607e068c: ;   {external_word}
  0x00000214607e068c: 49ba 9c30 | 9b1f fd7f | 0000 4180 | 3a00 0f84 | 4e00 0000 | 5241 5041 

  0x00000214607e06a4: ;   {metadata({method} {0x00000214003fd870} 'defineClass1' '(Ljava/lang/ClassLoader;Ljava/lang/String;[BIILjava/security/ProtectionDomain;Ljava/lang/String;)Ljava/lang/Class;' in 'java/lang/ClassLoader')}
  0x00000214607e06a4: 5148 ba68 | d83f 0014 | 0200 0049 | 8bcf 4883 | ec20 40f6 | c40f 0f84 | 1900 0000 | 4883 ec08 
  0x00000214607e06c4: ;   {runtime_call}
  0x00000214607e06c4: 48b8 40b5 | 4b1f fd7f | 0000 ffd0 | 4883 c408 | e90c 0000 

  0x00000214607e06d8: ;   {runtime_call}
  0x00000214607e06d8: 0048 b840 | b54b 1ffd | 7f00 00ff | d048 83c4 | 2041 5941 | 585a 498d | 8fc0 0300 | 0041 c787 
  0x00000214607e06f8: 5404 0000 | 0400 0000 

  0x00000214607e0700: ;   {runtime_call}
  0x00000214607e0700: 48b8 a416 | f366 fd7f | 0000 ffd0 | c5f8 7741 | c787 5404 | 0000 0500 | 0000 f083 | 4424 c000 
  0x00000214607e0720: 493b af58 | 0400 000f | 870e 0000 | 0041 83bf | 5004 0000 | 000f 842b | 0000 00c5 | f877 4889 
  0x00000214607e0740: 45f8 498b | cf4c 8be4 | 4883 ec20 | 4883 e4f0 

  0x00000214607e0750: ;   {runtime_call}
  0x00000214607e0750: 48b8 d01e | 161f fd7f | 0000 ffd0 | 498b e44d | 33e4 488b | 45f8 41c7 | 8754 0400 | 0008 0000 
  0x00000214607e0770: 0041 83bf | d004 0000 | 020f 84a3 

  0x00000214607e077c: ;   {external_word}
  0x00000214607e077c: 0200 0049 | ba9c 309b | 1ffd 7f00 | 0041 803a | 000f 844c | 0000 0048 

  0x00000214607e0794: ;   {metadata({method} {0x00000214003fd870} 'defineClass1' '(Ljava/lang/ClassLoader;Ljava/lang/String;[BIILjava/security/ProtectionDomain;Ljava/lang/String;)Ljava/lang/Class;' in 'java/lang/ClassLoader')}
  0x00000214607e0794: 8945 f848 | ba68 d83f | 0014 0200 | 0049 8bcf | 4883 ec20 | 40f6 c40f | 0f84 1900 | 0000 4883 
  0x00000214607e07b4: ;   {runtime_call}
  0x00000214607e07b4: ec08 48b8 | 40b5 4b1f | fd7f 0000 | ffd0 4883 | c408 e90c 

  0x00000214607e07c8: ;   {runtime_call}
  0x00000214607e07c8: 0000 0048 | b840 b54b | 1ffd 7f00 | 00ff d048 | 83c4 2048 | 8b45 f849 | c787 a003 | 0000 0000 
  0x00000214607e07e8: 0000 49c7 | 87a8 0300 | 0000 0000 | 00c5 f877 | 4885 c00f | 84fe 0100 | 00a8 030f | 8508 0000 
  0x00000214607e0808: 0048 8b00 | e9ee 0100 | 00a8 010f | 8509 0000 | 0048 8b40 | fee9 dd01 | 0000 488b | 40ff 4180 
  0x00000214607e0828: 7f38 000f | 84ce 0100 | 0048 83f8 | 000f 84c4 | 0100 0049 | 8b4f 2848 | 83f9 000f | 8414 0000 
  0x00000214607e0848: 0048 83e9 | 0849 894f | 2849 034f | 3048 8901 | e9a2 0100 | 0048 81ec | d000 0000 | 4889 0424 
  0x00000214607e0868: 4889 4c24 | 0848 8954 | 2410 4889 | 7424 1848 | 897c 2420 | 4c89 4424 | 284c 894c | 2430 4c89 
  0x00000214607e0888: 5424 384c | 895c 2440 | c5fb 1144 | 2450 c5fb | 114c 2458 | c5fb 1154 | 2460 c5fb | 115c 2468 
  0x00000214607e08a8: c5fb 1164 | 2470 c5fb | 116c 2478 | c5fb 11b4 | 2480 0000 | 00c5 fb11 | bc24 8800 | 0000 c57b 
  0x00000214607e08c8: ;   {no_reloc}
  0x00000214607e08c8: 1184 2490 | 0000 00c5 | 7b11 8c24 | 9800 0000 | c57b 1194 | 24a0 0000 | 00c5 7b11 | 9c24 a800 
  0x00000214607e08e8: 0000 c57b | 11a4 24b0 | 0000 00c5 | 7b11 ac24 | b800 0000 | c57b 11b4 | 24c0 0000 | 00c5 7b11 
  0x00000214607e0908: bc24 c800 | 0000 498b | d748 8bc8 | 4883 ec20 | 40f6 c40f | 0f84 1900 | 0000 4883 

  0x00000214607e0924: ;   {runtime_call}
  0x00000214607e0924: ec08 48b8 | e03e 091f | fd7f 0000 | ffd0 4883 | c408 e90c 

  0x00000214607e0938: ;   {runtime_call}
  0x00000214607e0938: 0000 0048 | b8e0 3e09 | 1ffd 7f00 | 00ff d048 | 83c4 20c5 | 7b10 bc24 | c800 0000 | c57b 10b4 
  0x00000214607e0958: 24c0 0000 | 00c5 7b10 | ac24 b800 | 0000 c57b | 10a4 24b0 | 0000 00c5 | 7b10 9c24 | a800 0000 
  0x00000214607e0978: c57b 1094 | 24a0 0000 | 00c5 7b10 | 8c24 9800 | 0000 c57b | 1084 2490 | 0000 00c5 | fb10 bc24 
  0x00000214607e0998: 8800 0000 | c5fb 10b4 | 2480 0000 | 00c5 fb10 | 6c24 78c5 | fb10 6424 | 70c5 fb10 | 5c24 68c5 
  0x00000214607e09b8: fb10 5424 | 60c5 fb10 | 4c24 58c5 | fb10 4424 | 504c 8b5c | 2440 4c8b | 5424 384c | 8b4c 2430 
  0x00000214607e09d8: 4c8b 4424 | 2848 8b7c | 2420 488b | 7424 1848 | 8b54 2410 | 488b 4c24 | 0848 8b04 | 2448 81c4 
  0x00000214607e09f8: d000 0000 | c5f8 7749 | 8b8f 3004 | 0000 c781 | 0001 0000 | 0000 0000 | c949 837f | 0800 0f85 
  0x00000214607e0a18: 0100 0000 

  0x00000214607e0a1c: ;   {runtime_call StubRoutines (initial stubs)}
  0x00000214607e0a1c: c3e9 de04 | c2ff c5f8 | 7748 8945 | f84c 8be4 | 4883 ec20 | 4883 e4f0 

  0x00000214607e0a34: ;   {runtime_call}
  0x00000214607e0a34: 48b8 90ed | 4b1f fd7f | 0000 ffd0 | 498b e44d | 33e4 488b | 45f8 e930 | fdff fff4 
[/MachCode]


Compiled method (c1) 5709 1637       1       java.lang.ClassLoader::defineClass (43 bytes)
 total in heap  [0x0000021460813990,0x0000021460813f50] = 1472
 relocation     [0x0000021460813ae8,0x0000021460813b58] = 112
 main code      [0x0000021460813b60,0x0000021460813d20] = 448
 stub code      [0x0000021460813d20,0x0000021460813d98] = 120
 metadata       [0x0000021460813d98,0x0000021460813dc8] = 48
 scopes data    [0x0000021460813dc8,0x0000021460813e80] = 184
 scopes pcs     [0x0000021460813e80,0x0000021460813f20] = 160
 dependencies   [0x0000021460813f20,0x0000021460813f28] = 8
 nul chk table  [0x0000021460813f28,0x0000021460813f50] = 40

[Constant Pool (empty)]

[MachCode]
[Entry Point]
  # {method} {0x00000214003fdbf0} 'defineClass' '(Ljava/lang/String;[BIILjava/security/ProtectionDomain;)Ljava/lang/Class;' in 'java/lang/ClassLoader'
  # this:     rdx:rdx   = 'java/lang/ClassLoader'
  # parm0:    r8:r8     = 'java/lang/String'
  # parm1:    r9:r9     = '[B'
  # parm2:    rdi       = int
  # parm3:    rsi       = int
  # parm4:    rcx:rcx   = 'java/security/ProtectionDomain'
  #           [sp+0xc0]  (sp of caller)
  0x0000021460813b60: 448b 5208 | 49bb 0000 | 0000 1402 | 0000 4d03 | d34c 3bd0 

  0x0000021460813b74: ;   {runtime_call ic_miss_stub}
  0x0000021460813b74: 0f85 06ac | c3ff 660f | 1f44 0000 
[Verified Entry Point]
  0x0000021460813b80: 8984 2400 | 80ff ff55 | 4881 ecb0 | 0000 0090 | 4181 7f20 | 0100 0000 

  0x0000021460813b98: ;   {runtime_call StubRoutines (final stubs)}
  0x0000021460813b98: 7405 e841 | 11c2 ff48 | 8954 2478 | 89b4 2494 | 0000 0089 | bc24 9000 | 0000 4c89 | 8c24 8800 
  0x0000021460813bb8: 0000 498b | d84c 8bc3 | 4c8b c948 | 8bca 488b | d148 899c | 2480 0000 | 0066 0f1f 

  0x0000021460813bd4: ;   {optimized virtual_call}
  0x0000021460813bd4: 4400 00e8 

  0x0000021460813bd8: ; ImmutableOopMap {[120]=Oop [128]=Oop [136]=Oop }
                      ;*invokevirtual preDefineClass {reexecute=0 rethrow=0 return_oop=0}
                      ; - java.lang.ClassLoader::defineClass@4 (line 1021)
  0x0000021460813bd8: 6406 0000 

  0x0000021460813bdc: ;   {other}
  0x0000021460813bdc: 0f1f 8400 | 4c02 0000 | 4889 8424 | 9800 0000 

  0x0000021460813bec: ; implicit exception: dispatches to 0x0000021460813cca
  0x0000021460813bec: 448b 4010 | 4d85 c00f | 850f 0000 

  0x0000021460813bf8: ;   {oop(nullptr)}
  0x0000021460813bf8: 0048 bb00 | 0000 0000 | 0000 00e9 | 3f00 0000 

  0x0000021460813c08: ; implicit exception: dispatches to 0x0000021460813ccf
  0x0000021460813c08: 458b 400c | 4d85 c00f | 850f 0000 

  0x0000021460813c14: ;   {oop(nullptr)}
  0x0000021460813c14: 0048 bb00 | 0000 0000 | 0000 00e9 | 2300 0000 

  0x0000021460813c24: ; implicit exception: dispatches to 0x0000021460813cd4
  0x0000021460813c24: 418b 5038 

  0x0000021460813c28: ; implicit exception: dispatches to 0x0000021460813cd9
  0x0000021460813c28: 483b 020f 

  0x0000021460813c2c: ;   {optimized virtual_call}
  0x0000021460813c2c: 1f40 00e8 

  0x0000021460813c30: ; ImmutableOopMap {[120]=Oop [128]=Oop [136]=Oop [152]=Oop }
                      ;*invokevirtual toExternalForm {reexecute=0 rethrow=0 return_oop=0}
                      ; - java.net.URL::toExternalForm@5 (line 1203)
                      ; - java.net.URL::toString@1 (line 1189)
                      ; - java.lang.ClassLoader::defineClassSourceLocation@22 (line 925)
                      ; - java.lang.ClassLoader::defineClass@12 (line 1022)
  0x0000021460813c30: ccb9 faff 

  0x0000021460813c34: ;   {other}
  0x0000021460813c34: 0f1f 8400 | a402 0001 | 488b d848 | 8b84 2498 | 0000 008b | b424 9400 | 0000 8bbc | 2490 0000 
  0x0000021460813c54: 004c 8b8c | 2488 0000 | 004c 8b84 | 2480 0000 | 0048 8b54 | 2478 4c8b | da49 8bd3 | 488b c848 
  0x0000021460813c74: ;   {static_call}
  0x0000021460813c74: 891c 24e8 

  0x0000021460813c78: ; ImmutableOopMap {[120]=Oop [152]=Oop }
                      ;*invokestatic defineClass1 {reexecute=0 rethrow=0 return_oop=0}
                      ; - java.lang.ClassLoader::defineClass@27 (line 1023)
  0x0000021460813c78: 44c9 fcff 

  0x0000021460813c7c: ;   {other}
  0x0000021460813c7c: 0f1f 8400 | ec02 0002 | 4c8b c04c | 8b8c 2498 | 0000 0048 | 8b54 2478 | 4889 8424 | a000 0000 
  0x0000021460813c9c: ;   {optimized virtual_call}
  0x0000021460813c9c: 6666 90e8 

  0x0000021460813ca0: ; ImmutableOopMap {[160]=Oop }
                      ;*invokevirtual postDefineClass {reexecute=0 rethrow=0 return_oop=0}
                      ; - java.lang.ClassLoader::defineClass@37 (line 1024)
  0x0000021460813ca0: dc50 fdff 

  0x0000021460813ca4: ;   {other}
  0x0000021460813ca4: 0f1f 8400 | 1403 0003 | 488b 8424 | a000 0000 | 4881 c4b0 | 0000 005d 

  0x0000021460813cbc: ;   {poll_return}
  0x0000021460813cbc: 493b a758 | 0400 000f | 8715 0000 

  0x0000021460813cc8: ;   {runtime_call throw_null_pointer_exception Runtime1 stub}
  0x0000021460813cc8: 00c3 e831 

  0x0000021460813ccc: ; ImmutableOopMap {rax=Oop [120]=Oop [128]=Oop [136]=Oop [152]=Oop }
                      ;*invokevirtual getCodeSource {reexecute=0 rethrow=0 return_oop=0}
                      ; - java.lang.ClassLoader::defineClassSourceLocation@1 (line 922)
                      ; - java.lang.ClassLoader::defineClass@12 (line 1022)
                      ;   {runtime_call throw_null_pointer_exception Runtime1 stub}
  0x0000021460813ccc: e0ce ffe8 

  0x0000021460813cd0: ; ImmutableOopMap {rax=Oop [120]=Oop [128]=Oop [136]=Oop [152]=Oop }
                      ;*invokevirtual getLocation {reexecute=0 rethrow=0 return_oop=0}
                      ; - java.lang.ClassLoader::defineClassSourceLocation@12 (line 924)
                      ; - java.lang.ClassLoader::defineClass@12 (line 1022)
  0x0000021460813cd0: 2ce0 ceff 

  0x0000021460813cd4: ;   {runtime_call throw_null_pointer_exception Runtime1 stub}
  0x0000021460813cd4: e827 e0ce 

  0x0000021460813cd8: ; ImmutableOopMap {r8=Oop [120]=Oop [128]=Oop [136]=Oop [152]=Oop }
                      ;*invokevirtual toString {reexecute=0 rethrow=0 return_oop=0}
                      ; - java.lang.ClassLoader::defineClassSourceLocation@22 (line 925)
                      ; - java.lang.ClassLoader::defineClass@12 (line 1022)
                      ;   {runtime_call throw_null_pointer_exception Runtime1 stub}
  0x0000021460813cd8: ffe8 22e0 

  0x0000021460813cdc: ; ImmutableOopMap {r8=Oop rdx=Oop [120]=Oop [128]=Oop [136]=Oop [152]=Oop }
                      ;*invokevirtual toExternalForm {reexecute=0 rethrow=0 return_oop=0}
                      ; - java.net.URL::toExternalForm@5 (line 1203)
                      ; - java.net.URL::toString@1 (line 1189)
                      ; - java.lang.ClassLoader::defineClassSourceLocation@22 (line 925)
                      ; - java.lang.ClassLoader::defineClass@12 (line 1022)
                      ;   {internal_word}
  0x0000021460813cdc: ceff 49ba | bc3c 8160 | 1402 0000 | 4d89 9770 

  0x0000021460813cec: ;   {runtime_call SafepointBlob}
  0x0000021460813cec: 0400 00e9 | 0c1a c4ff | 498b 8708 | 0500 0049 | c787 0805 | 0000 0000 | 0000 49c7 | 8710 0500 
  0x0000021460813d0c: 0000 0000 | 0048 81c4 | b000 0000 

  0x0000021460813d18: ;   {runtime_call unwind_exception Runtime1 stub}
  0x0000021460813d18: 5de9 e2d0 | ceff f4f4 
[Stub Code]
  0x0000021460813d20: ;   {no_reloc}
  0x0000021460813d20: 0f1f 4400 

  0x0000021460813d24: ;   {static_stub}
  0x0000021460813d24: 0048 bb00 | 0000 0000 

  0x0000021460813d2c: ;   {runtime_call}
  0x0000021460813d2c: 0000 00e9 | fbff ffff 

  0x0000021460813d34: ;   {static_stub}
  0x0000021460813d34: 48bb 0000 | 0000 0000 

  0x0000021460813d3c: ;   {runtime_call}
  0x0000021460813d3c: 0000 e9fb 

  0x0000021460813d40: ;   {static_stub}
  0x0000021460813d40: ffff ff48 | bb00 0000 | 0000 0000 

  0x0000021460813d4c: ;   {runtime_call}
  0x0000021460813d4c: 00e9 fbff 

  0x0000021460813d50: ;   {static_stub}
  0x0000021460813d50: ffff 48bb | 0000 0000 | 0000 0000 

  0x0000021460813d5c: ;   {runtime_call}
  0x0000021460813d5c: e9fb ffff 

  0x0000021460813d60: ;   {runtime_call handle_exception_from_callee Runtime1 stub}
  0x0000021460813d60: ffe8 9afd 

  0x0000021460813d64: ;   {external_word}
  0x0000021460813d64: ceff 48b9 | d018 731f | fd7f 0000 | 4883 e4f0 

  0x0000021460813d74: ;   {runtime_call}
  0x0000021460813d74: 48b8 c094 | 3a1f fd7f | 0000 ffd0 

  0x0000021460813d80: ;   {section_word}
  0x0000021460813d80: f449 ba81 | 3d81 6014 | 0200 0041 

  0x0000021460813d8c: ;   {runtime_call DeoptimizationBlob}
  0x0000021460813d8c: 52e9 0e0c | c4ff f4f4 | f4f4 f4f4 
[/MachCode]


Compiled method (c1) 5745 1506       1       jdk.internal.loader.BuiltinClassLoader::defineClass (121 bytes)
 total in heap  [0x00000214607e3990,0x00000214607e48a0] = 3856
 relocation     [0x00000214607e3ae8,0x00000214607e3c30] = 328
 main code      [0x00000214607e3c40,0x00000214607e4300] = 1728
 stub code      [0x00000214607e4300,0x00000214607e4420] = 288
 metadata       [0x00000214607e4420,0x00000214607e4468] = 72
 scopes data    [0x00000214607e4468,0x00000214607e46c0] = 600
 scopes pcs     [0x00000214607e46c0,0x00000214607e4860] = 416
 dependencies   [0x00000214607e4860,0x00000214607e4868] = 8
 handler table  [0x00000214607e4868,0x00000214607e4880] = 24
 nul chk table  [0x00000214607e4880,0x00000214607e48a0] = 32

[Constant Pool (empty)]

[MachCode]
[Entry Point]
  # {method} {0x000002140005a4c8} 'defineClass' '(Ljava/lang/String;Ljdk/internal/loader/Resource;)Ljava/lang/Class;' in 'jdk/internal/loader/BuiltinClassLoader'
  # this:     rdx:rdx   = 'jdk/internal/loader/BuiltinClassLoader'
  # parm0:    r8:r8     = 'java/lang/String'
  # parm1:    r9:r9     = 'jdk/internal/loader/Resource'
  #           [sp+0x110]  (sp of caller)
  0x00000214607e3c40: 448b 5208 | 49bb 0000 | 0000 1402 | 0000 4d03 | d34c 3bd0 

  0x00000214607e3c54: ;   {runtime_call ic_miss_stub}
  0x00000214607e3c54: 0f85 26ab | c6ff 660f | 1f44 0000 
[Verified Entry Point]
  0x00000214607e3c60: 8984 2400 | 80ff ff55 | 4881 ec00 | 0100 0090 | 4181 7f20 | 0100 0000 

  0x00000214607e3c78: ;   {runtime_call StubRoutines (final stubs)}
  0x00000214607e3c78: 7405 e861 | 10c5 ff48 | 8994 24a0 | 0000 004c | 8984 2490 | 0000 004c | 898c 2498 | 0000 0049 
  0x00000214607e3c98: 8bd1 6666 | 9048 b8d8 | ed1b 0014 

  0x00000214607e3ca4: ;   {virtual_call}
  0x00000214607e3ca4: 0200 00e8 

  0x00000214607e3ca8: ; ImmutableOopMap {[144]=Oop [152]=Oop [160]=Oop }
                      ;*invokevirtual getCodeSourceURL {reexecute=0 rethrow=0 return_oop=0}
                      ; - jdk.internal.loader.BuiltinClassLoader::defineClass@1 (line 842)
  0x00000214607e3ca8: f462 0000 

  0x00000214607e3cac: ;   {other}
  0x00000214607e3cac: 0f1f 8400 | 1c03 0000 | 4889 8424 | a800 0000 | 4c8b 8424 | 9000 0000 

  0x00000214607e3cc4: ; implicit exception: dispatches to 0x00000214607e4202
  0x00000214607e3cc4: 418b 7014 

  0x00000214607e3cc8: ; implicit exception: dispatches to 0x00000214607e4207
  0x00000214607e3cc8: 8b56 0c45 | 0fbe 4810 | 498b c9c1 | e118 c1f9 | 18d3 fa48 | 8bfa ffcf | 4585 c9ba | 0000 0000 
  0x00000214607e3ce8: 7505 ba01 | 0000 0083 | e201 85d2 | 488b d641 | b82e 0000 | 004c 8bcf | 0f84 1300 

  0x00000214607e3d04: ;   {static_call}
  0x00000214607e3d04: 0000 90e8 

  0x00000214607e3d08: ; ImmutableOopMap {[144]=Oop [152]=Oop [160]=Oop [168]=Oop }
                      ;*invokestatic lastIndexOf {reexecute=0 rethrow=0 return_oop=0}
                      ; - java.lang.String::lastIndexOf@13 (line 2615)
                      ; - java.lang.String::lastIndexOf@8 (line 2577)
                      ; - jdk.internal.loader.BuiltinClassLoader::defineClass@8 (line 845)
  0x00000214607e3d08: b4ff d5ff 

  0x00000214607e3d0c: ;   {other}
  0x00000214607e3d0c: 0f1f 8400 | 7c03 0001 | e913 0000 | 0066 0f1f 

  0x00000214607e3d1c: ;   {static_call}
  0x00000214607e3d1c: 4400 00e8 

  0x00000214607e3d20: ; ImmutableOopMap {[144]=Oop [152]=Oop [160]=Oop [168]=Oop }
                      ;*invokestatic lastIndexOf {reexecute=0 rethrow=0 return_oop=0}
                      ; - java.lang.String::lastIndexOf@25 (line 2616)
                      ; - java.lang.String::lastIndexOf@8 (line 2577)
                      ; - jdk.internal.loader.BuiltinClassLoader::defineClass@8 (line 845)
  0x00000214607e3d20: 5cb3 c6ff 

  0x00000214607e3d24: ;   {other}
  0x00000214607e3d24: 0f1f 8400 | 9403 0002 | 83f8 ff0f | 847f 0000 | 0041 b800 | 0000 004c | 8bc8 488b | 9424 9000 
  0x00000214607e3d44: ;   {optimized virtual_call}
  0x00000214607e3d44: 0000 90e8 

  0x00000214607e3d48: ; ImmutableOopMap {[144]=Oop [152]=Oop [160]=Oop [168]=Oop }
                      ;*invokevirtual substring {reexecute=0 rethrow=0 return_oop=0}
                      ; - jdk.internal.loader.BuiltinClassLoader::defineClass@23 (line 847)
  0x00000214607e3d48: b4c0 dfff 

  0x00000214607e3d4c: ;   {other}
  0x00000214607e3d4c: 0f1f 8400 | bc03 0003 | 488b 9424 | 9800 0000 | 4889 8424 | b000 0000 | 9048 b8d8 | ed1b 0014 
  0x00000214607e3d6c: ;   {virtual_call}
  0x00000214607e3d6c: 0200 00e8 

  0x00000214607e3d70: ; ImmutableOopMap {[144]=Oop [152]=Oop [160]=Oop [168]=Oop [176]=Oop }
                      ;*invokevirtual getManifest {reexecute=0 rethrow=0 return_oop=0}
                      ; - jdk.internal.loader.BuiltinClassLoader::defineClass@29 (line 848)
  0x00000214607e3d70: ac65 0000 

  0x00000214607e3d74: ;   {other}
  0x00000214607e3d74: 0f1f 8400 | e403 0004 | 4c8b 8424 | b000 0000 | 4c8b c848 | 8bbc 24a8 | 0000 0048 | 8b94 24a0 
  0x00000214607e3d94: 0000 0066 | 0f1f 4400 | 0048 b808 | ab05 0014 

  0x00000214607e3da4: ;   {virtual_call}
  0x00000214607e3da4: 0200 00e8 

  0x00000214607e3da8: ; ImmutableOopMap {[144]=Oop [152]=Oop [160]=Oop [168]=Oop }
                      ;*invokevirtual defineOrCheckPackage {reexecute=0 rethrow=0 return_oop=0}
                      ; - jdk.internal.loader.BuiltinClassLoader::defineClass@40 (line 849)
  0x00000214607e3da8: 74fa ffff 

  0x00000214607e3dac: ;   {other}
  0x00000214607e3dac: 0f1f 8400 | 1c04 0005 | 4c8b 8c24 | 9800 0000 | 488d 9424 | e000 0000 | 4c89 4a08 | 498b 0148 
  0x00000214607e3dcc: 83c8 0148 | 8902 f049 | 0fb1 110f | 8412 0000 | 0048 2bc4 | 4825 07f0 | ffff 4889 | 020f 851d 
  0x00000214607e3dec: 0400 0049 | ff87 5805 | 0000 418b | 510c 4885 | d20f 8551 | 0000 0049 | 8bd1 0f1f | 8000 0000 
  0x00000214607e3e0c: 0048 b8d8 | ed1b 0014 

  0x00000214607e3e14: ;   {virtual_call}
  0x00000214607e3e14: 0200 00e8 

  0x00000214607e3e18: ; ImmutableOopMap {[144]=Oop [152]=Oop [160]=Oop [168]=Oop [232]=Oop }
                      ;*invokevirtual getInputStream {reexecute=0 rethrow=0 return_oop=0}
                      ; - jdk.internal.loader.Resource::cachedInputStream@9 (line 77)
                      ; - jdk.internal.loader.Resource::getByteBuffer@1 (line 163)
                      ; - jdk.internal.loader.BuiltinClassLoader::defineClass@45 (line 853)
  0x00000214607e3e18: 0489 0000 

  0x00000214607e3e1c: ;   {other}
  0x00000214607e3e1c: 0f1f 8400 | 8c04 0006 | 410f be57 | 3885 d24c | 8b8c 2498 | 0000 000f | 85e6 0300 | 004c 8bd0 
  0x00000214607e3e3c: 4589 510c | 498b d148 | 33d0 48c1 | ea14 4883 | fa00 0f85 | e703 0000 | 418b 510c | 488d 8424 
  0x00000214607e3e5c: e000 0000 | 488b 3048 | 85f6 0f84 | 0f00 0000 | 488b 7808 | f048 0fb1 | 370f 85d8 | 0300 0049 
  0x00000214607e3e7c: ff8f 5805 | 0000 4885 | d20f 8443 

  0x00000214607e3e88: ;   {metadata('sun/nio/ByteBuffered')}
  0x00000214607e3e88: 0000 0048 | b818 702c | 0014 0200 | 008b 5a08 | 49ba 0000 | 0000 1402 | 0000 4903 | da48 3b43 
  0x00000214607e3ea8: 200f 8424 | 0000 0048 | 3bd8 0f84 | 1b00 0000 

  0x00000214607e3eb8: ;   {runtime_call slow_subtype_check Runtime1 stub}
  0x00000214607e3eb8: 5350 e841 | 08d2 ff5b | 5b85 db0f | 8405 0000 | 00e9 0500 | 0000 4833 | f6eb 0748 | c7c6 0100 
  0x00000214607e3ed8: 0000 85f6 | 0f84 6f00 | 0000 4885 | d20f 8443 

  0x00000214607e3ee8: ;   {metadata('sun/nio/ByteBuffered')}
  0x00000214607e3ee8: 0000 0048 | bb18 702c | 0014 0200 | 008b 7a08 | 49ba 0000 | 0000 1402 | 0000 4903 | fa48 3b5f 
  0x00000214607e3f08: 200f 841f | 0000 0048 | 3bfb 0f84 | 1600 0000 

  0x00000214607e3f18: ;   {runtime_call slow_subtype_check Runtime1 stub}
  0x00000214607e3f18: 5753 e8e1 | 07d2 ff5f | 5f85 ff0f | 8440 0300 | 00e9 0000 | 0000 0f1f | 8000 0000 | 0048 b8ff 
  0x00000214607e3f38: ffff ffff 

  0x00000214607e3f3c: ;   {virtual_call}
  0x00000214607e3f3c: ffff ffe8 

  0x00000214607e3f40: ; ImmutableOopMap {[144]=Oop [152]=Oop [160]=Oop [168]=Oop }
                      ;*invokeinterface getByteBuffer {reexecute=0 rethrow=0 return_oop=0}
                      ; - jdk.internal.loader.Resource::getByteBuffer@16 (line 165)
                      ; - jdk.internal.loader.BuiltinClassLoader::defineClass@45 (line 853)
  0x00000214607e3f40: 3cae c6ff 

  0x00000214607e3f44: ;   {other}
  0x00000214607e3f44: 0f1f 8400 | b405 0007 | e90a 0000 

  0x00000214607e3f50: ;   {oop(nullptr)}
  0x00000214607e3f50: 0048 b800 | 0000 0000 | 0000 0048 | 85c0 0f84 | 0601 0000 | 4889 8424 | b800 0000 | 488b 9424 
  0x00000214607e3f70: 9800 0000 | 9048 b8ff | ffff ffff 

  0x00000214607e3f7c: ;   {virtual_call}
  0x00000214607e3f7c: ffff ffe8 

  0x00000214607e3f80: ; ImmutableOopMap {[144]=Oop [160]=Oop [168]=Oop [184]=Oop }
                      ;*invokevirtual getCodeSigners {reexecute=0 rethrow=0 return_oop=0}
                      ; - jdk.internal.loader.BuiltinClassLoader::defineClass@56 (line 855)
  0x00000214607e3f80: fcad c6ff 

  0x00000214607e3f84: ;   {other}
  0x00000214607e3f84: 0f1f 8400 | f405 0008 

  0x00000214607e3f8c: ;   {metadata('java/security/CodeSource')}
  0x00000214607e3f8c: 4c8b c848 | baf8 5800 | 0014 0200 | 0049 8b87 | b801 0000 | 488d 7828 | 493b bfc8 | 0100 000f 
  0x00000214607e3fac: 87c1 0200 | 0049 89bf | b801 0000 | 48c7 0001 | 0000 0048 | 8bca 49ba | 0000 0000 | 1402 0000 
  0x00000214607e3fcc: 492b ca89 | 4808 4833 | c989 480c | 4833 c948 | 8948 1048 | 8948 1848 | 8948 204c | 8b84 24a8 
  0x00000214607e3fec: 0000 0048 | 8bd0 4889 | 8424 c000 | 0000 0f1f 

  0x00000214607e3ffc: ;   {optimized virtual_call}
  0x00000214607e3ffc: 4400 00e8 

  0x00000214607e4000: ; ImmutableOopMap {[144]=Oop [160]=Oop [184]=Oop [192]=Oop }
                      ;*invokespecial <init> {reexecute=0 rethrow=0 return_oop=0}
                      ; - jdk.internal.loader.BuiltinClassLoader::defineClass@68 (line 856)
  0x00000214607e4000: 7caa c6ff 

  0x00000214607e4004: ;   {other}
  0x00000214607e4004: 0f1f 8400 | 7406 0009 | 4c8b 8424 | c000 0000 | 488b 9424 | a000 0000 

  0x00000214607e401c: ;   {optimized virtual_call}
  0x00000214607e401c: 6666 90e8 

  0x00000214607e4020: ; ImmutableOopMap {[144]=Oop [160]=Oop [184]=Oop }
                      ;*invokevirtual getProtectionDomain {reexecute=0 rethrow=0 return_oop=0}
                      ; - java.security.SecureClassLoader::defineClass@5 (line 182)
                      ; - jdk.internal.loader.BuiltinClassLoader::defineClass@79 (line 857)
  0x00000214607e4020: 5caa c6ff 

  0x00000214607e4024: ;   {other}
  0x00000214607e4024: 0f1f 8400 | 9406 000a | 4c8b 8424 | 9000 0000 | 4c8b 8c24 | b800 0000 | 488b f848 | 8b94 24a0 
  0x00000214607e4044: ;   {optimized virtual_call}
  0x00000214607e4044: 0000 00e8 

  0x00000214607e4048: ; ImmutableOopMap {}
                      ;*invokevirtual defineClass {reexecute=0 rethrow=0 return_oop=0}
                      ; - java.security.SecureClassLoader::defineClass@8 (line 182)
                      ; - jdk.internal.loader.BuiltinClassLoader::defineClass@79 (line 857)
  0x00000214607e4048: 34aa c6ff 

  0x00000214607e404c: ;   {other}
  0x00000214607e404c: 0f1f 8400 | bc06 000b | 4881 c400 | 0100 005d 

  0x00000214607e405c: ;   {poll_return}
  0x00000214607e405c: 493b a758 | 0400 000f | 8716 0200 | 00c3 4c8b | 8c24 9800 | 0000 498b | d148 b8d8 | ed1b 0014 
  0x00000214607e407c: ;   {virtual_call}
  0x00000214607e407c: 0200 00e8 

  0x00000214607e4080: ; ImmutableOopMap {[144]=Oop [152]=Oop [160]=Oop [168]=Oop }
                      ;*invokevirtual getBytes {reexecute=0 rethrow=0 return_oop=0}
                      ; - jdk.internal.loader.BuiltinClassLoader::defineClass@84 (line 859)
  0x00000214607e4080: dca4 0000 

  0x00000214607e4084: ;   {other}
  0x00000214607e4084: 0f1f 8400 | f406 000c | 4889 8424 | c800 0000 | 488b 9424 | 9800 0000 | 9048 b8d8 | ed1b 0014 
  0x00000214607e40a4: ;   {virtual_call}
  0x00000214607e40a4: 0200 00e8 

  0x00000214607e40a8: ; ImmutableOopMap {[144]=Oop [160]=Oop [168]=Oop [200]=Oop }
                      ;*invokevirtual getCodeSigners {reexecute=0 rethrow=0 return_oop=0}
                      ; - jdk.internal.loader.BuiltinClassLoader::defineClass@90 (line 860)
  0x00000214607e40a8: 74aa 0000 

  0x00000214607e40ac: ;   {other}
  0x00000214607e40ac: 0f1f 8400 | 1c07 000d 

  0x00000214607e40b4: ;   {metadata('java/security/CodeSource')}
  0x00000214607e40b4: 4c8b c848 | baf8 5800 | 0014 0200 | 0049 8b87 | b801 0000 | 488d 7828 | 493b bfc8 | 0100 000f 
  0x00000214607e40d4: 87bc 0100 | 0049 89bf | b801 0000 | 48c7 0001 | 0000 0048 | 8bca 49ba | 0000 0000 | 1402 0000 
  0x00000214607e40f4: 492b ca89 | 4808 4833 | c989 480c | 4833 c948 | 8948 1048 | 8948 1848 | 8948 204c | 8b84 24a8 
  0x00000214607e4114: 0000 0048 | 8bd0 4889 | 8424 d000 | 0000 0f1f 

  0x00000214607e4124: ;   {optimized virtual_call}
  0x00000214607e4124: 4400 00e8 

  0x00000214607e4128: ; ImmutableOopMap {[144]=Oop [160]=Oop [200]=Oop [208]=Oop }
                      ;*invokespecial <init> {reexecute=0 rethrow=0 return_oop=0}
                      ; - jdk.internal.loader.BuiltinClassLoader::defineClass@102 (line 861)
  0x00000214607e4128: 54ea 0200 

  0x00000214607e412c: ;   {other}
  0x00000214607e412c: 0f1f 8400 | 9c07 000e | 488b 8424 | c800 0000 

  0x00000214607e413c: ; implicit exception: dispatches to 0x00000214607e42a2
  0x00000214607e413c: 8b70 0c4c | 8b84 24d0 | 0000 0048 | 8b94 24a0 | 0000 0089 | b424 d800 

  0x00000214607e4154: ;   {optimized virtual_call}
  0x00000214607e4154: 0000 90e8 

  0x00000214607e4158: ; ImmutableOopMap {[144]=Oop [160]=Oop [200]=Oop }
                      ;*invokevirtual getProtectionDomain {reexecute=0 rethrow=0 return_oop=0}
                      ; - java.security.SecureClassLoader::defineClass@9 (line 150)
                      ; - jdk.internal.loader.BuiltinClassLoader::defineClass@117 (line 862)
  0x00000214607e4158: 84e4 0200 

  0x00000214607e415c: ;   {other}
  0x00000214607e415c: 0f1f 8400 | cc07 000f | 4c8b 8424 | 9000 0000 | 4c8b 8c24 | c800 0000 | bf00 0000 | 008b b424 
  0x00000214607e417c: d800 0000 | 488b c848 | 8b94 24a0 | 0000 000f 

  0x00000214607e418c: ;   {optimized virtual_call}
  0x00000214607e418c: 1f40 00e8 

  0x00000214607e4190: ; ImmutableOopMap {}
                      ;*invokevirtual defineClass {reexecute=0 rethrow=0 return_oop=0}
                      ; - java.security.SecureClassLoader::defineClass@12 (line 150)
                      ; - jdk.internal.loader.BuiltinClassLoader::defineClass@117 (line 862)
  0x00000214607e4190: ecf9 0200 

  0x00000214607e4194: ;   {other}
  0x00000214607e4194: 0f1f 8400 | 0408 0010 | 4881 c400 | 0100 005d 

  0x00000214607e41a4: ;   {poll_return}
  0x00000214607e41a4: 493b a758 | 0400 000f | 87f6 0000 | 00c3 498b | 8708 0500 | 004d 33d2 | 4d89 9708 | 0500 004d 
  0x00000214607e41c4: 33d2 4d89 | 9710 0500 | 0048 8bf0 | 488d 8424 | e000 0000 | 488b 3848 | 85ff 0f84 | 0f00 0000 
  0x00000214607e41e4: 488b 5808 | f048 0fb1 | 3b0f 85ca | 0000 0049 | ff8f 5805 | 0000 488b | c6e9 ee00 

  0x00000214607e4200: ;   {runtime_call throw_null_pointer_exception Runtime1 stub}
  0x00000214607e4200: 0000 e8f9 

  0x00000214607e4204: ; ImmutableOopMap {rax=Oop r8=Oop [144]=Oop [152]=Oop [160]=Oop [168]=Oop }
                      ;*invokevirtual lastIndexOf {reexecute=0 rethrow=0 return_oop=0}
                      ; - jdk.internal.loader.BuiltinClassLoader::defineClass@8 (line 845)
                      ;   {runtime_call throw_null_pointer_exception Runtime1 stub}
  0x00000214607e4204: dad1 ffe8 

  0x00000214607e4208: ; ImmutableOopMap {rax=Oop r8=Oop rsi=Oop [144]=Oop [152]=Oop [160]=Oop [168]=Oop }
                      ;*arraylength {reexecute=0 rethrow=0 return_oop=0}
                      ; - java.lang.String::length@4 (line 1546)
                      ; - java.lang.String::lastIndexOf@3 (line 2577)
                      ; - jdk.internal.loader.BuiltinClassLoader::defineClass@8 (line 845)
  0x00000214607e4208: f4da d1ff | 4c89 4c24 | 0848 8914 

  0x00000214607e4214: ;   {runtime_call monitorenter_nofpu Runtime1 stub}
  0x00000214607e4214: 24e8 e60a 

  0x00000214607e4218: ; ImmutableOopMap {r9=Oop [144]=Oop [152]=Oop [160]=Oop [168]=Oop [232]=Oop }
                      ;*synchronization entry
                      ; - jdk.internal.loader.Resource::cachedInputStream@-1 (line 76)
                      ; - jdk.internal.loader.Resource::getByteBuffer@1 (line 163)
                      ; - jdk.internal.loader.BuiltinClassLoader::defineClass@45 (line 853)
  0x00000214607e4218: d2ff e9d7 | fbff ff41 | 8b51 0c48 | 83fa 000f | 840c fcff | ff48 8914 

  0x00000214607e4230: ;   {runtime_call g1_pre_barrier_slow}
  0x00000214607e4230: 24e8 ca31 | d2ff e9fe | fbff ff48 | 83f8 000f | 840f fcff | ff4c 890c 

  0x00000214607e4248: ;   {runtime_call g1_post_barrier_slow}
  0x00000214607e4248: 24e8 b234 | d2ff e901 | fcff ff48 | 8d84 24e0 | 0000 0048 

  0x00000214607e425c: ;   {runtime_call monitorexit_nofpu Runtime1 stub}
  0x00000214607e425c: 8904 24e8 | 9c10 d2ff | e919 fcff | ff48 8914 

  0x00000214607e426c: ;   {runtime_call throw_class_cast_exception Runtime1 stub}
  0x00000214607e426c: 24e8 8efe 

  0x00000214607e4270: ; ImmutableOopMap {[144]=Oop [152]=Oop [160]=Oop [168]=Oop }
                      ;*checkcast {reexecute=0 rethrow=0 return_oop=0}
                      ; - jdk.internal.loader.Resource::getByteBuffer@13 (line 165)
                      ; - jdk.internal.loader.BuiltinClassLoader::defineClass@45 (line 853)
  0x00000214607e4270: d1ff 488b 

  0x00000214607e4274: ;   {runtime_call fast_new_instance Runtime1 stub}
  0x00000214607e4274: d2e8 86e3 

  0x00000214607e4278: ; ImmutableOopMap {r9=Oop [144]=Oop [160]=Oop [168]=Oop [184]=Oop }
                      ;*new {reexecute=0 rethrow=0 return_oop=0}
                      ; - jdk.internal.loader.BuiltinClassLoader::defineClass@61 (line 856)
  0x00000214607e4278: d1ff e968 

  0x00000214607e427c: ;   {internal_word}
  0x00000214607e427c: fdff ff49 | ba5c 407e | 6014 0200 | 004d 8997 | 7004 0000 

  0x00000214607e4290: ;   {runtime_call SafepointBlob}
  0x00000214607e4290: e96b 14c7 | ff48 8bd2 

  0x00000214607e4298: ;   {runtime_call fast_new_instance Runtime1 stub}
  0x00000214607e4298: e863 e3d1 

  0x00000214607e429c: ; ImmutableOopMap {r9=Oop [144]=Oop [160]=Oop [168]=Oop [200]=Oop }
                      ;*new {reexecute=0 rethrow=0 return_oop=0}
                      ; - jdk.internal.loader.BuiltinClassLoader::defineClass@95 (line 861)
  0x00000214607e429c: ffe9 6dfe 

  0x00000214607e42a0: ;   {runtime_call throw_null_pointer_exception Runtime1 stub}
  0x00000214607e42a0: ffff e859 

  0x00000214607e42a4: ; ImmutableOopMap {rax=Oop [144]=Oop [160]=Oop [200]=Oop [208]=Oop }
                      ;*arraylength {reexecute=0 rethrow=0 return_oop=0}
                      ; - jdk.internal.loader.BuiltinClassLoader::defineClass@114 (line 862)
                      ;   {internal_word}
  0x00000214607e42a4: dad1 ff49 | baa4 417e | 6014 0200 | 004d 8997 | 7004 0000 

  0x00000214607e42b8: ;   {runtime_call SafepointBlob}
  0x00000214607e42b8: e943 14c7 | ff48 8d84 | 24e0 0000 | 0048 8904 

  0x00000214607e42c8: ;   {runtime_call monitorexit_nofpu Runtime1 stub}
  0x00000214607e42c8: 24e8 3210 | d2ff e927 | ffff ff49 | 8b87 0805 | 0000 49c7 | 8708 0500 | 0000 0000 | 0049 c787 
  0x00000214607e42e8: 1005 0000 | 0000 0000 | 4881 c400 | 0100 005d 

  0x00000214607e42f8: ;   {runtime_call unwind_exception Runtime1 stub}
  0x00000214607e42f8: e903 cbd1 | fff4 f4f4 
[Stub Code]
  0x00000214607e4300: ;   {no_reloc}
  0x00000214607e4300: 0f1f 4400 

  0x00000214607e4304: ;   {static_stub}
  0x00000214607e4304: 0048 bb00 | 0000 0000 

  0x00000214607e430c: ;   {runtime_call}
  0x00000214607e430c: 0000 00e9 | fbff ffff 

  0x00000214607e4314: ;   {static_stub}
  0x00000214607e4314: 9048 bb00 | 0000 0000 

  0x00000214607e431c: ;   {runtime_call}
  0x00000214607e431c: 0000 00e9 | fbff ffff 

  0x00000214607e4324: ;   {static_stub}
  0x00000214607e4324: 9048 bb00 | 0000 0000 

  0x00000214607e432c: ;   {runtime_call}
  0x00000214607e432c: 0000 00e9 | fbff ffff 

  0x00000214607e4334: ;   {static_stub}
  0x00000214607e4334: 9048 bb00 | 0000 0000 

  0x00000214607e433c: ;   {runtime_call}
  0x00000214607e433c: 0000 00e9 | fbff ffff 

  0x00000214607e4344: ;   {static_stub}
  0x00000214607e4344: 9048 bb00 | 0000 0000 

  0x00000214607e434c: ;   {runtime_call}
  0x00000214607e434c: 0000 00e9 | fbff ffff 

  0x00000214607e4354: ;   {static_stub}
  0x00000214607e4354: 9048 bb00 | 0000 0000 

  0x00000214607e435c: ;   {runtime_call}
  0x00000214607e435c: 0000 00e9 | fbff ffff 

  0x00000214607e4364: ;   {static_stub}
  0x00000214607e4364: 9048 bb00 | 0000 0000 

  0x00000214607e436c: ;   {runtime_call}
  0x00000214607e436c: 0000 00e9 | fbff ffff 

  0x00000214607e4374: ;   {static_stub}
  0x00000214607e4374: 9048 bb00 | 0000 0000 

  0x00000214607e437c: ;   {runtime_call}
  0x00000214607e437c: 0000 00e9 | fbff ffff 

  0x00000214607e4384: ;   {static_stub}
  0x00000214607e4384: 48bb 0027 | 4300 1402 

  0x00000214607e438c: ;   {runtime_call I2C/C2I adapters}
  0x00000214607e438c: 0000 e9d8 

  0x00000214607e4390: ;   {static_stub}
  0x00000214607e4390: 69c6 ff48 | bb08 3804 | 0014 0200 

  0x00000214607e439c: ;   {runtime_call I2C/C2I adapters}
  0x00000214607e439c: 00e9 45fe 

  0x00000214607e43a0: ;   {static_stub}
  0x00000214607e43a0: c6ff 48bb | 0000 0000 | 0000 0000 

  0x00000214607e43ac: ;   {runtime_call}
  0x00000214607e43ac: e9fb ffff 

  0x00000214607e43b0: ;   {static_stub}
  0x00000214607e43b0: ff48 bbe8 | db3f 0014 

  0x00000214607e43b8: ;   {runtime_call I2C/C2I adapters}
  0x00000214607e43b8: 0200 00e9 | b5cd c5ff 

  0x00000214607e43c0: ;   {static_stub}
  0x00000214607e43c0: 48bb 0000 | 0000 0000 

  0x00000214607e43c8: ;   {runtime_call}
  0x00000214607e43c8: 0000 e9fb 

  0x00000214607e43cc: ;   {static_stub}
  0x00000214607e43cc: ffff ff48 | bb00 0000 | 0000 0000 

  0x00000214607e43d8: ;   {runtime_call}
  0x00000214607e43d8: 00e9 fbff 

  0x00000214607e43dc: ;   {static_stub}
  0x00000214607e43dc: ffff 48bb | 0000 0000 | 0000 0000 

  0x00000214607e43e8: ;   {runtime_call}
  0x00000214607e43e8: e9fb ffff 

  0x00000214607e43ec: ;   {runtime_call handle_exception_from_callee Runtime1 stub}
  0x00000214607e43ec: ffe8 0ef7 

  0x00000214607e43f0: ;   {external_word}
  0x00000214607e43f0: d1ff 48b9 | d018 731f | fd7f 0000 | 4883 e4f0 

  0x00000214607e4400: ;   {runtime_call}
  0x00000214607e4400: 48b8 c094 | 3a1f fd7f | 0000 ffd0 

  0x00000214607e440c: ;   {section_word}
  0x00000214607e440c: f449 ba0d | 447e 6014 | 0200 0041 

  0x00000214607e4418: ;   {runtime_call DeoptimizationBlob}
  0x00000214607e4418: 52e9 8205 | c7ff f4f4 
[/MachCode]


---------------  P R O C E S S  ---------------

Threads class SMR info:
_java_thread_list=0x000002144ea6c590, length=14, elements={
0x00000214580c7260, 0x0000021441139840, 0x000002144113a710, 0x000002144113ea50,
0x00000214411408a0, 0x0000021441141c50, 0x0000021441144870, 0x0000021441165de0,
0x000002145816c040, 0x0000021441386820, 0x0000021441868e60, 0x00000214418699b0,
0x00000214419aa6f0, 0x000002144e7a5570
}

Java Threads: ( => current thread )
  0x00000214580c7260 JavaThread "main"                              [_thread_in_vm, id=7352, stack(0x000000767be00000,0x000000767bf00000) (1024K)]
  0x0000021441139840 JavaThread "Reference Handler"          daemon [_thread_blocked, id=17376, stack(0x000000767c600000,0x000000767c700000) (1024K)]
  0x000002144113a710 JavaThread "Finalizer"                  daemon [_thread_blocked, id=16044, stack(0x000000767c700000,0x000000767c800000) (1024K)]
  0x000002144113ea50 JavaThread "Signal Dispatcher"          daemon [_thread_blocked, id=16024, stack(0x000000767c800000,0x000000767c900000) (1024K)]
  0x00000214411408a0 JavaThread "Attach Listener"            daemon [_thread_blocked, id=11352, stack(0x000000767c900000,0x000000767ca00000) (1024K)]
  0x0000021441141c50 JavaThread "Service Thread"             daemon [_thread_blocked, id=7492, stack(0x000000767ca00000,0x000000767cb00000) (1024K)]
  0x0000021441144870 JavaThread "Monitor Deflation Thread"   daemon [_thread_blocked, id=15328, stack(0x000000767cb00000,0x000000767cc00000) (1024K)]
  0x0000021441165de0 JavaThread "C1 CompilerThread0"         daemon [_thread_blocked, id=14908, stack(0x000000767cc00000,0x000000767cd00000) (1024K)]
  0x000002145816c040 JavaThread "Common-Cleaner"             daemon [_thread_blocked, id=15920, stack(0x000000767cd00000,0x000000767ce00000) (1024K)]
  0x0000021441386820 JavaThread "C1 CompilerThread1"         daemon [_thread_blocked, id=1076, stack(0x000000767ce00000,0x000000767cf00000) (1024K)]
  0x0000021441868e60 JavaThread "Monitor Ctrl-Break"         daemon [_thread_in_native, id=1824, stack(0x000000767cf00000,0x000000767d000000) (1024K)]
  0x00000214418699b0 JavaThread "Notification Thread"        daemon [_thread_blocked, id=8996, stack(0x000000767d000000,0x000000767d100000) (1024K)]
  0x00000214419aa6f0 JavaThread "RMI TCP Accept-0"           daemon [_thread_in_native, id=7560, stack(0x000000767d400000,0x000000767d500000) (1024K)]
=>0x000002144e7a5570 JavaThread "background-preinit"                [_thread_in_vm, id=1180, stack(0x000000767d500000,0x000000767d600000) (1024K)]
Total: 14

Other Threads:
  0x000002144111ffe0 VMThread "VM Thread"                           [id=132, stack(0x000000767c500000,0x000000767c600000) (1024K)] _threads_hazard_ptr=0x000002144ea6c590
  0x000002144111cb50 WatcherThread "VM Periodic Task Thread"        [id=9820, stack(0x000000767c400000,0x000000767c500000) (1024K)]
  0x00000214580fb710 WorkerThread "GC Thread#0"                     [id=12748, stack(0x000000767bf00000,0x000000767c000000) (1024K)]
  0x00000214419608d0 WorkerThread "GC Thread#1"                     [id=10496, stack(0x000000767d100000,0x000000767d200000) (1024K)]
  0x000002144197fb70 WorkerThread "GC Thread#2"                     [id=12348, stack(0x000000767d200000,0x000000767d300000) (1024K)]
  0x000002144197ff20 WorkerThread "GC Thread#3"                     [id=13316, stack(0x000000767d300000,0x000000767d400000) (1024K)]
  0x0000021458106c30 ConcurrentGCThread "G1 Main Marker"            [id=17364, stack(0x000000767c000000,0x000000767c100000) (1024K)]
  0x0000021458107fa0 WorkerThread "G1 Conc#0"                       [id=9672, stack(0x000000767c100000,0x000000767c200000) (1024K)]
  0x000002145815e660 ConcurrentGCThread "G1 Refine#0"               [id=12912, stack(0x000000767c200000,0x000000767c300000) (1024K)]
  0x000002145815f0f0 ConcurrentGCThread "G1 Service"                [id=12208, stack(0x000000767c300000,0x000000767c400000) (1024K)]
Total: 10

Threads with active compile tasks:
Total: 0

VM state: synchronizing (normal execution)

VM Mutex/Monitor currently owned by a thread:  ([mutex/lock_event])
[0x00007ffd1f9d9b38] Metaspace_lock - owner thread: 0x000002144e7a5570
[0x00007ffd1f9dbbb8] Threads_lock - owner thread: 0x000002144111ffe0

Heap address: 0x00000000c9e00000, size: 866 MB, Compressed Oops mode: 32-bit

CDS archive(s) mapped at: [0x0000021400000000-0x0000021400c50000-0x0000021400c50000), size 12910592, SharedBaseAddress: 0x0000021400000000, ArchiveRelocationMode: 1.
Compressed class space mapped at: 0x0000021401000000-0x0000021441000000, reserved size: 1073741824
Narrow klass base: 0x0000021400000000, Narrow klass shift: 0, Narrow klass range: 0x41000000

GC Precious Log:
 CardTable entry size: 512
 Card Set container configuration: InlinePtr #cards 5 size 8 Array Of Cards #cards 12 size 40 Howl #buckets 4 coarsen threshold 1843 Howl Bitmap #cards 512 size 80 coarsen threshold 460 Card regions per heap region 1 cards per card region 2048
 CPUs: 4 total, 4 available
 Memory: 3459M
 Large Page Support: Disabled
 NUMA Support: Disabled
 Compressed Oops: Enabled (32-bit)
 Heap Region Size: 1M
 Heap Min Capacity: 8M
 Heap Initial Capacity: 56M
 Heap Max Capacity: 866M
 Pre-touch: Disabled
 Parallel Workers: 4
 Concurrent Workers: 1
 Concurrent Refinement Workers: 4
 Periodic GC: Disabled

Heap:
 garbage-first heap   total reserved 886784K, committed 57344K, used 33053K [0x00000000c9e00000, 0x0000000100000000)
  region size 1024K, 27 young (27648K), 3 survivors (3072K)
 Metaspace       used 17882K, committed 18240K, reserved 1114112K
  class space    used 2387K, committed 2560K, reserved 1048576K

Heap Regions: E=young(eden), S=young(survivor), O=old, HS=humongous(starts), HC=humongous(continues), CS=collection set, F=free, TAMS=top-at-mark-start, PB=parsable bottom
|   0|0x00000000c9e00000, 0x00000000c9f00000, 0x00000000c9f00000|100%|HS|  |TAMS 0x00000000c9e00000| PB 0x00000000c9e00000| Complete |  0
|   1|0x00000000c9f00000, 0x00000000ca000000, 0x00000000ca000000|100%| O|  |TAMS 0x00000000c9f00000| PB 0x00000000c9f00000| Untracked |  0
|   2|0x00000000ca000000, 0x00000000ca100000, 0x00000000ca100000|100%| O|  |TAMS 0x00000000ca000000| PB 0x00000000ca000000| Untracked |  0
|   3|0x00000000ca100000, 0x00000000ca200000, 0x00000000ca200000|100%| O|  |TAMS 0x00000000ca100000| PB 0x00000000ca100000| Untracked |  0
|   4|0x00000000ca200000, 0x00000000ca300000, 0x00000000ca300000|100%| O|  |TAMS 0x00000000ca200000| PB 0x00000000ca200000| Untracked |  0
|   5|0x00000000ca300000, 0x00000000ca400000, 0x00000000ca400000|100%| O|  |TAMS 0x00000000ca300000| PB 0x00000000ca300000| Untracked |  0
|   6|0x00000000ca400000, 0x00000000ca500000, 0x00000000ca500000|100%| O|  |TAMS 0x00000000ca400000| PB 0x00000000ca400000| Untracked |  0
|   7|0x00000000ca500000, 0x00000000ca547730, 0x00000000ca600000| 27%| O|  |TAMS 0x00000000ca500000| PB 0x00000000ca500000| Untracked |  0
|   8|0x00000000ca600000, 0x00000000ca600000, 0x00000000ca700000|  0%| F|  |TAMS 0x00000000ca600000| PB 0x00000000ca600000| Untracked |  0
|   9|0x00000000ca700000, 0x00000000ca700000, 0x00000000ca800000|  0%| F|  |TAMS 0x00000000ca700000| PB 0x00000000ca700000| Untracked |  0
|  10|0x00000000ca800000, 0x00000000ca800000, 0x00000000ca900000|  0%| F|  |TAMS 0x00000000ca800000| PB 0x00000000ca800000| Untracked |  0
|  11|0x00000000ca900000, 0x00000000ca900000, 0x00000000caa00000|  0%| F|  |TAMS 0x00000000ca900000| PB 0x00000000ca900000| Untracked |  0
|  12|0x00000000caa00000, 0x00000000caa00000, 0x00000000cab00000|  0%| F|  |TAMS 0x00000000caa00000| PB 0x00000000caa00000| Untracked |  0
|  13|0x00000000cab00000, 0x00000000cab00000, 0x00000000cac00000|  0%| F|  |TAMS 0x00000000cab00000| PB 0x00000000cab00000| Untracked |  0
|  14|0x00000000cac00000, 0x00000000cac00000, 0x00000000cad00000|  0%| F|  |TAMS 0x00000000cac00000| PB 0x00000000cac00000| Untracked |  0
|  15|0x00000000cad00000, 0x00000000cad00000, 0x00000000cae00000|  0%| F|  |TAMS 0x00000000cad00000| PB 0x00000000cad00000| Untracked |  0
|  16|0x00000000cae00000, 0x00000000cae00000, 0x00000000caf00000|  0%| F|  |TAMS 0x00000000cae00000| PB 0x00000000cae00000| Untracked |  0
|  17|0x00000000caf00000, 0x00000000caf00000, 0x00000000cb000000|  0%| F|  |TAMS 0x00000000caf00000| PB 0x00000000caf00000| Untracked |  0
|  18|0x00000000cb000000, 0x00000000cb000000, 0x00000000cb100000|  0%| F|  |TAMS 0x00000000cb000000| PB 0x00000000cb000000| Untracked |  0
|  19|0x00000000cb100000, 0x00000000cb100000, 0x00000000cb200000|  0%| F|  |TAMS 0x00000000cb100000| PB 0x00000000cb100000| Untracked |  0
|  20|0x00000000cb200000, 0x00000000cb200000, 0x00000000cb300000|  0%| F|  |TAMS 0x00000000cb200000| PB 0x00000000cb200000| Untracked |  0
|  21|0x00000000cb300000, 0x00000000cb300000, 0x00000000cb400000|  0%| F|  |TAMS 0x00000000cb300000| PB 0x00000000cb300000| Untracked |  0
|  22|0x00000000cb400000, 0x00000000cb400000, 0x00000000cb500000|  0%| F|  |TAMS 0x00000000cb400000| PB 0x00000000cb400000| Untracked |  0
|  23|0x00000000cb500000, 0x00000000cb500000, 0x00000000cb600000|  0%| F|  |TAMS 0x00000000cb500000| PB 0x00000000cb500000| Untracked |  0
|  24|0x00000000cb600000, 0x00000000cb600000, 0x00000000cb700000|  0%| F|  |TAMS 0x00000000cb600000| PB 0x00000000cb600000| Untracked |  0
|  25|0x00000000cb700000, 0x00000000cb700000, 0x00000000cb800000|  0%| F|  |TAMS 0x00000000cb700000| PB 0x00000000cb700000| Untracked |  0
|  26|0x00000000cb800000, 0x00000000cb800000, 0x00000000cb900000|  0%| F|  |TAMS 0x00000000cb800000| PB 0x00000000cb800000| Untracked |  0
|  27|0x00000000cb900000, 0x00000000cb900000, 0x00000000cba00000|  0%| F|  |TAMS 0x00000000cb900000| PB 0x00000000cb900000| Untracked |  0
|  28|0x00000000cba00000, 0x00000000cba00000, 0x00000000cbb00000|  0%| F|  |TAMS 0x00000000cba00000| PB 0x00000000cba00000| Untracked |  0
|  29|0x00000000cbb00000, 0x00000000cbb8e1e0, 0x00000000cbc00000| 55%| E|  |TAMS 0x00000000cbb00000| PB 0x00000000cbb00000| Complete |  0
|  30|0x00000000cbc00000, 0x00000000cbd00000, 0x00000000cbd00000|100%| S|CS|TAMS 0x00000000cbc00000| PB 0x00000000cbc00000| Complete |  0
|  31|0x00000000cbd00000, 0x00000000cbe00000, 0x00000000cbe00000|100%| S|CS|TAMS 0x00000000cbd00000| PB 0x00000000cbd00000| Complete |  0
|  32|0x00000000cbe00000, 0x00000000cbf00000, 0x00000000cbf00000|100%| S|CS|TAMS 0x00000000cbe00000| PB 0x00000000cbe00000| Complete |  0
|  33|0x00000000cbf00000, 0x00000000cc000000, 0x00000000cc000000|100%| E|CS|TAMS 0x00000000cbf00000| PB 0x00000000cbf00000| Complete |  0
|  34|0x00000000cc000000, 0x00000000cc100000, 0x00000000cc100000|100%| E|CS|TAMS 0x00000000cc000000| PB 0x00000000cc000000| Complete |  0
|  35|0x00000000cc100000, 0x00000000cc200000, 0x00000000cc200000|100%| E|CS|TAMS 0x00000000cc100000| PB 0x00000000cc100000| Complete |  0
|  36|0x00000000cc200000, 0x00000000cc300000, 0x00000000cc300000|100%| E|CS|TAMS 0x00000000cc200000| PB 0x00000000cc200000| Complete |  0
|  37|0x00000000cc300000, 0x00000000cc400000, 0x00000000cc400000|100%| E|CS|TAMS 0x00000000cc300000| PB 0x00000000cc300000| Complete |  0
|  38|0x00000000cc400000, 0x00000000cc500000, 0x00000000cc500000|100%| E|  |TAMS 0x00000000cc400000| PB 0x00000000cc400000| Complete |  0
|  39|0x00000000cc500000, 0x00000000cc600000, 0x00000000cc600000|100%| E|CS|TAMS 0x00000000cc500000| PB 0x00000000cc500000| Complete |  0
|  40|0x00000000cc600000, 0x00000000cc700000, 0x00000000cc700000|100%| E|CS|TAMS 0x00000000cc600000| PB 0x00000000cc600000| Complete |  0
|  41|0x00000000cc700000, 0x00000000cc800000, 0x00000000cc800000|100%| E|CS|TAMS 0x00000000cc700000| PB 0x00000000cc700000| Complete |  0
|  42|0x00000000cc800000, 0x00000000cc900000, 0x00000000cc900000|100%| E|CS|TAMS 0x00000000cc800000| PB 0x00000000cc800000| Complete |  0
|  43|0x00000000cc900000, 0x00000000cca00000, 0x00000000cca00000|100%| E|CS|TAMS 0x00000000cc900000| PB 0x00000000cc900000| Complete |  0
|  44|0x00000000cca00000, 0x00000000ccb00000, 0x00000000ccb00000|100%| E|CS|TAMS 0x00000000cca00000| PB 0x00000000cca00000| Complete |  0
|  45|0x00000000ccb00000, 0x00000000ccc00000, 0x00000000ccc00000|100%| E|CS|TAMS 0x00000000ccb00000| PB 0x00000000ccb00000| Complete |  0
|  46|0x00000000ccc00000, 0x00000000ccd00000, 0x00000000ccd00000|100%| E|CS|TAMS 0x00000000ccc00000| PB 0x00000000ccc00000| Complete |  0
|  47|0x00000000ccd00000, 0x00000000cce00000, 0x00000000cce00000|100%| E|CS|TAMS 0x00000000ccd00000| PB 0x00000000ccd00000| Complete |  0
|  48|0x00000000cce00000, 0x00000000ccf00000, 0x00000000ccf00000|100%| E|CS|TAMS 0x00000000cce00000| PB 0x00000000cce00000| Complete |  0
|  49|0x00000000ccf00000, 0x00000000cd000000, 0x00000000cd000000|100%| E|CS|TAMS 0x00000000ccf00000| PB 0x00000000ccf00000| Complete |  0
|  50|0x00000000cd000000, 0x00000000cd100000, 0x00000000cd100000|100%| E|CS|TAMS 0x00000000cd000000| PB 0x00000000cd000000| Complete |  0
|  51|0x00000000cd100000, 0x00000000cd200000, 0x00000000cd200000|100%| E|CS|TAMS 0x00000000cd100000| PB 0x00000000cd100000| Complete |  0
|  52|0x00000000cd200000, 0x00000000cd300000, 0x00000000cd300000|100%| E|CS|TAMS 0x00000000cd200000| PB 0x00000000cd200000| Complete |  0
|  53|0x00000000cd300000, 0x00000000cd400000, 0x00000000cd400000|100%| E|CS|TAMS 0x00000000cd300000| PB 0x00000000cd300000| Complete |  0
|  54|0x00000000cd400000, 0x00000000cd500000, 0x00000000cd500000|100%| E|CS|TAMS 0x00000000cd400000| PB 0x00000000cd400000| Complete |  0
|  55|0x00000000cd500000, 0x00000000cd600000, 0x00000000cd600000|100%| E|CS|TAMS 0x00000000cd500000| PB 0x00000000cd500000| Complete |  0

Card table byte_map: [0x0000021457e80000,0x0000021458040000] _byte_map_base: 0x0000021457831000

Marking Bits: (CMBitMap*) 0x00000214580fd550
 Bits: [0x0000021463400000, 0x0000021464188000)

Polling page: 0x0000021456020000

Metaspace:

Usage:
  Non-class:     15.13 MB used.
      Class:      2.33 MB used.
       Both:     17.46 MB used.

Virtual space:
  Non-class space:       64.00 MB reserved,      15.31 MB ( 24%) committed,  1 nodes.
      Class space:        1.00 GB reserved,       2.50 MB ( <1%) committed,  1 nodes.
             Both:        1.06 GB reserved,      17.81 MB (  2%) committed. 

Chunk freelists:
   Non-Class:  240.00 KB
       Class:  13.47 MB
        Both:  13.70 MB

MaxMetaspaceSize: unlimited
CompressedClassSpaceSize: 1.00 GB
Initial GC threshold: 21.00 MB
Current GC threshold: 21.00 MB
CDS: on
 - commit_granule_bytes: 65536.
 - commit_granule_words: 8192.
 - virtual_space_node_default_size: 8388608.
 - enlarge_chunks_in_place: 1.
 - use_allocation_guard: 0.


Internal statistics:

num_allocs_failed_limit: 0.
num_arena_births: 340.
num_arena_deaths: 0.
num_vsnodes_births: 2.
num_vsnodes_deaths: 0.
num_space_committed: 285.
num_space_uncommitted: 0.
num_chunks_returned_to_freelist: 0.
num_chunks_taken_from_freelist: 781.
num_chunk_merges: 0.
num_chunk_splits: 554.
num_chunks_enlarged: 426.
num_inconsistent_stats: 0.

CodeCache: size=49152Kb used=5518Kb max_used=5518Kb free=43633Kb
 bounds [0x0000021460400000, 0x0000021460970000, 0x0000021463400000]
 total_blobs=2990 nmethods=2460 adapters=453
 compilation: enabled
              stopped_count=0, restarted_count=0
 full_count=0

Compilation events (20 events):
Event: 4.637 Thread 0x0000021441165de0 2434       1       java.util.zip.ZipEntry::setExtra0 (493 bytes)
Event: 4.640 Thread 0x0000021441165de0 nmethod 2434 0x0000021460955e90 code [0x0000021460956100, 0x0000021460957930]
Event: 4.796 Thread 0x0000021441165de0 2435       1       java.lang.invoke.MethodType::methodType (44 bytes)
Event: 4.796 Thread 0x0000021441165de0 nmethod 2435 0x0000021460958590 code [0x0000021460958760, 0x0000021460958a68]
Event: 4.798 Thread 0x0000021441386820 2436       1       java.lang.invoke.MethodHandle::setAsTypeCache (33 bytes)
Event: 4.798 Thread 0x0000021441165de0 2437       1       java.lang.invoke.MethodHandle::isSafeToCache (14 bytes)
Event: 4.798 Thread 0x0000021441165de0 nmethod 2437 0x0000021460958b90 code [0x0000021460958d40, 0x0000021460958e50]
Event: 4.798 Thread 0x0000021441386820 nmethod 2436 0x0000021460958f10 code [0x00000214609590e0, 0x0000021460959430]
Event: 4.799 Thread 0x0000021441386820 2438       1       java.lang.invoke.MethodHandle::bindTo (19 bytes)
Event: 4.799 Thread 0x0000021441165de0 2439       1       java.lang.invoke.MethodType::leadingReferenceParameter (30 bytes)
Event: 4.799 Thread 0x0000021441165de0 nmethod 2439 0x0000021460959510 code [0x00000214609596c0, 0x0000021460959870]
Event: 4.799 Thread 0x0000021441386820 nmethod 2438 0x0000021460959990 code [0x0000021460959b60, 0x0000021460959e68]
Event: 4.799 Thread 0x0000021441165de0 2440       1       java.lang.invoke.MethodHandle::bindArgumentL (10 bytes)
Event: 4.799 Thread 0x0000021441165de0 nmethod 2440 0x000002146095a090 code [0x000002146095a260, 0x000002146095a4a0]
Event: 4.816 Thread 0x0000021441165de0 2442       1       java.lang.invoke.LambdaForm$DMH/0x0000021401108000::invokeStatic (31 bytes)
Event: 4.816 Thread 0x0000021441165de0 nmethod 2442 0x000002146095a910 code [0x000002146095aac0, 0x000002146095abc8]
Event: 4.817 Thread 0x0000021441165de0 2443       1       java.nio.Buffer::flip (20 bytes)
Event: 4.817 Thread 0x0000021441165de0 nmethod 2443 0x000002146095ac90 code [0x000002146095ae20, 0x000002146095af00]
Event: 4.818 Thread 0x0000021441165de0 2445       1       java.lang.invoke.MemberName::equals (69 bytes)
Event: 4.819 Thread 0x0000021441165de0 nmethod 2445 0x000002146095b290 code [0x000002146095b480, 0x000002146095b7d8]

GC Heap History (6 events):
Event: 1.080 GC heap before
{Heap before GC invocations=0 (full 0):
 garbage-first heap   total reserved 886784K, committed 57344K, used 14336K [0x00000000c9e00000, 0x0000000100000000)
  region size 1024K, 14 young (14336K), 0 survivors (0K)
 Metaspace       used 3354K, committed 3584K, reserved 1114112K
  class space    used 399K, committed 512K, reserved 1048576K
}
Event: 1.096 GC heap after
{Heap after GC invocations=1 (full 0):
 garbage-first heap   total reserved 886784K, committed 57344K, used 7552K [0x00000000c9e00000, 0x0000000100000000)
  region size 1024K, 2 young (2048K), 2 survivors (2048K)
 Metaspace       used 3354K, committed 3584K, reserved 1114112K
  class space    used 399K, committed 512K, reserved 1048576K
}
Event: 1.991 GC heap before
{Heap before GC invocations=1 (full 0):
 garbage-first heap   total reserved 886784K, committed 57344K, used 18816K [0x00000000c9e00000, 0x0000000100000000)
  region size 1024K, 13 young (13312K), 2 survivors (2048K)
 Metaspace       used 7098K, committed 7360K, reserved 1114112K
  class space    used 908K, committed 1024K, reserved 1048576K
}
Event: 1.998 GC heap after
{Heap after GC invocations=2 (full 0):
 garbage-first heap   total reserved 886784K, committed 57344K, used 9234K [0x00000000c9e00000, 0x0000000100000000)
  region size 1024K, 2 young (2048K), 2 survivors (2048K)
 Metaspace       used 7098K, committed 7360K, reserved 1114112K
  class space    used 908K, committed 1024K, reserved 1048576K
}
Event: 3.333 GC heap before
{Heap before GC invocations=2 (full 0):
 garbage-first heap   total reserved 886784K, committed 57344K, used 30738K [0x00000000c9e00000, 0x0000000100000000)
  region size 1024K, 23 young (23552K), 2 survivors (2048K)
 Metaspace       used 11869K, committed 12160K, reserved 1114112K
  class space    used 1643K, committed 1792K, reserved 1048576K
}
Event: 3.344 GC heap after
{Heap after GC invocations=3 (full 0):
 garbage-first heap   total reserved 886784K, committed 57344K, used 10525K [0x00000000c9e00000, 0x0000000100000000)
  region size 1024K, 3 young (3072K), 3 survivors (3072K)
 Metaspace       used 11869K, committed 12160K, reserved 1114112K
  class space    used 1643K, committed 1792K, reserved 1048576K
}

Dll operation events (10 events):
Event: 0.028 Loaded shared library C:\Users\Ульяна\.jdks\openjdk-22.0.1\bin\java.dll
Event: 0.340 Loaded shared library C:\Users\Ульяна\.jdks\openjdk-22.0.1\bin\zip.dll
Event: 0.352 Loaded shared library C:\Users\Ульяна\.jdks\openjdk-22.0.1\bin\instrument.dll
Event: 0.370 Loaded shared library C:\Users\Ульяна\.jdks\openjdk-22.0.1\bin\net.dll
Event: 0.384 Loaded shared library C:\Users\Ульяна\.jdks\openjdk-22.0.1\bin\nio.dll
Event: 0.395 Loaded shared library C:\Users\Ульяна\.jdks\openjdk-22.0.1\bin\zip.dll
Event: 0.691 Loaded shared library C:\Users\Ульяна\.jdks\openjdk-22.0.1\bin\jimage.dll
Event: 0.703 Loaded shared library C:\Users\Ульяна\.jdks\openjdk-22.0.1\bin\extnet.dll
Event: 0.809 Loaded shared library C:\Users\Ульяна\.jdks\openjdk-22.0.1\bin\management.dll
Event: 0.839 Loaded shared library C:\Users\Ульяна\.jdks\openjdk-22.0.1\bin\management_ext.dll

Deoptimization events (0 events):
No events

Classes loaded (20 events):
Event: 4.270 Loading class java/lang/Process done
Event: 4.270 Loading class java/lang/ProcessImpl done
Event: 4.294 Loading class java/lang/ProcessImpl$2
Event: 4.295 Loading class java/lang/ProcessImpl$2 done
Event: 4.296 Loading class java/lang/Process$PipeInputStream
Event: 4.299 Loading class java/lang/Process$PipeInputStream done
Event: 4.300 Loading class jdk/internal/event/ProcessStartEvent
Event: 4.302 Loading class jdk/internal/event/ProcessStartEvent done
Event: 4.304 Loading class java/lang/Thread$ThreadNumbering
Event: 4.304 Loading class java/lang/Thread$ThreadNumbering done
Event: 4.314 Loading class sun/text/resources/cldr/FormatData_en
Event: 4.315 Loading class sun/text/resources/cldr/FormatData_en done
Event: 4.315 Loading class sun/text/resources/cldr/FormatData_en_US
Event: 4.315 Loading class sun/text/resources/cldr/FormatData_en_US done
Event: 4.347 Loading class java/io/CharArrayReader
Event: 4.348 Loading class java/io/CharArrayReader done
Event: 4.782 Loading class java/lang/reflect/MalformedParametersException
Event: 4.782 Loading class java/lang/reflect/MalformedParametersException done
Event: 4.785 Loading class java/util/regex/Pattern$Pos
Event: 4.795 Loading class java/util/regex/Pattern$Pos done

Classes unloaded (0 events):
No events

Classes redefined (0 events):
No events

Internal exceptions (20 events):
Event: 2.658 Thread 0x00000214580c7260 Exception <a 'java/lang/NoSuchMethodError'{0x00000000cc78a8b8}: 'java.lang.Object java.lang.invoke.DirectMethodHandle$Holder.newInvokeSpecial(java.lang.Object, java.lang.Object, java.lang.Object, int, java.lang.Object)'> (0x00000000cc78a8b8) 
thrown [s\open\src\hotspot\share\interpreter\linkResolver.cpp, line 774]
Event: 2.659 Thread 0x00000214580c7260 Exception <a 'java/lang/NoSuchMethodError'{0x00000000cc791e60}: 'java.lang.Object java.lang.invoke.Invokers$Holder.linkToTargetMethod(java.lang.Object, java.lang.Object, int, java.lang.Object, java.lang.Object)'> (0x00000000cc791e60) 
thrown [s\open\src\hotspot\share\interpreter\linkResolver.cpp, line 774]
Event: 2.661 Thread 0x00000214580c7260 Exception <a 'java/lang/NoSuchMethodError'{0x00000000cc7a0db0}: 'java.lang.Object java.lang.invoke.DirectMethodHandle$Holder.newInvokeSpecial(java.lang.Object, int, java.lang.Object)'> (0x00000000cc7a0db0) 
thrown [s\open\src\hotspot\share\interpreter\linkResolver.cpp, line 774]
Event: 2.661 Thread 0x00000214580c7260 Exception <a 'java/lang/NoSuchMethodError'{0x00000000cc7a5440}: 'int java.lang.invoke.DirectMethodHandle$Holder.invokeSpecialIFC(java.lang.Object, java.lang.Object, java.lang.Object, java.lang.Object)'> (0x00000000cc7a5440) 
thrown [s\open\src\hotspot\share\interpreter\linkResolver.cpp, line 774]
Event: 2.687 Thread 0x00000214580c7260 Exception <a 'java/lang/NoSuchMethodError'{0x00000000cc693830}: 'void java.lang.invoke.DirectMethodHandle$Holder.invokeInterface(java.lang.Object, java.lang.Object, java.lang.Object)'> (0x00000000cc693830) 
thrown [s\open\src\hotspot\share\interpreter\linkResolver.cpp, line 774]
Event: 2.715 Thread 0x00000214580c7260 Exception <a 'java/lang/NoSuchMethodError'{0x00000000cc5219a8}: 'java.lang.Object java.lang.invoke.DirectMethodHandle$Holder.invokeVirtual(java.lang.Object, java.lang.Object, java.lang.Object)'> (0x00000000cc5219a8) 
thrown [s\open\src\hotspot\share\interpreter\linkResolver.cpp, line 774]
Event: 2.747 Thread 0x00000214580c7260 Exception <a 'java/lang/NoSuchMethodError'{0x00000000cc5fedf8}: 'void java.lang.invoke.DirectMethodHandle$Holder.invokeStatic(java.lang.Object, java.lang.Object, int)'> (0x00000000cc5fedf8) 
thrown [s\open\src\hotspot\share\interpreter\linkResolver.cpp, line 774]
Event: 2.753 Thread 0x00000214580c7260 Exception <a 'java/lang/NoSuchMethodError'{0x00000000cc415cb8}: 'void java.lang.invoke.DirectMethodHandle$Holder.invokeStaticInit(java.lang.Object, java.lang.Object, java.lang.Object)'> (0x00000000cc415cb8) 
thrown [s\open\src\hotspot\share\interpreter\linkResolver.cpp, line 774]
Event: 2.763 Thread 0x00000214580c7260 Exception <a 'java/lang/NoSuchMethodError'{0x00000000cc467bb0}: 'java.lang.Object java.lang.invoke.DirectMethodHandle$Holder.invokeStatic(java.lang.Object, long, java.lang.Object)'> (0x00000000cc467bb0) 
thrown [s\open\src\hotspot\share\interpreter\linkResolver.cpp, line 774]
Event: 2.763 Thread 0x00000214580c7260 Exception <a 'java/lang/NoSuchMethodError'{0x00000000cc46b238}: 'java.lang.Object java.lang.invoke.DirectMethodHandle$Holder.invokeStaticInit(java.lang.Object, long, java.lang.Object)'> (0x00000000cc46b238) 
thrown [s\open\src\hotspot\share\interpreter\linkResolver.cpp, line 774]
Event: 2.764 Thread 0x00000214580c7260 Exception <a 'java/lang/NoSuchMethodError'{0x00000000cc470ac0}: 'java.lang.Object java.lang.invoke.DirectMethodHandle$Holder.newInvokeSpecial(java.lang.Object, long)'> (0x00000000cc470ac0) 
thrown [s\open\src\hotspot\share\interpreter\linkResolver.cpp, line 774]
Event: 2.813 Thread 0x00000214580c7260 Exception <a 'java/lang/NoSuchMethodError'{0x00000000cc4d6cf8}: 'void java.lang.invoke.DirectMethodHandle$Holder.invokeVirtual(java.lang.Object, java.lang.Object, java.lang.Object, java.lang.Object)'> (0x00000000cc4d6cf8) 
thrown [s\open\src\hotspot\share\interpreter\linkResolver.cpp, line 774]
Event: 2.960 Thread 0x00000214580c7260 Exception <a 'java/lang/IncompatibleClassChangeError'{0x00000000cc260d68}: Found class java.lang.Object, but interface was expected> (0x00000000cc260d68) 
thrown [s\open\src\hotspot\share\interpreter\linkResolver.cpp, line 841]
Event: 2.960 Thread 0x000002144e7a5570 Exception <a 'java/lang/NoClassDefFoundError'{0x00000000cc284a00}: jakarta/validation/Validation> (0x00000000cc284a00) 
thrown [s\open\src\hotspot\share\classfile\systemDictionary.cpp, line 302]
Event: 4.181 Thread 0x00000214580c7260 Exception <a 'java/lang/NoSuchMethodError'{0x00000000ccb511b0}: 'java.lang.reflect.Field[] java.lang.Class.getDeclaredFields(java.lang.Class)'> (0x00000000ccb511b0) 
thrown [s\open\src\hotspot\share\interpreter\linkResolver.cpp, line 774]
Event: 4.293 Thread 0x00000214580c7260 Exception <a 'java/lang/NoSuchMethodError'{0x00000000ccafa940}: 'void java.lang.invoke.DirectMethodHandle$Holder.invokeStatic(java.lang.Object, long)'> (0x00000000ccafa940) 
thrown [s\open\src\hotspot\share\interpreter\linkResolver.cpp, line 774]
Event: 4.816 Thread 0x000002144e7a5570 Exception <a 'java/lang/NoSuchMethodError'{0x00000000cbb63cb8}: 'long java.lang.invoke.DirectMethodHandle$Holder.invokeStatic(java.lang.Object, java.lang.Object)'> (0x00000000cbb63cb8) 
thrown [s\open\src\hotspot\share\interpreter\linkResolver.cpp, line 774]
Event: 4.816 Thread 0x000002144e7a5570 Exception <a 'java/lang/NoSuchMethodError'{0x00000000cbb66da0}: 'long java.lang.invoke.DirectMethodHandle$Holder.invokeStaticInit(java.lang.Object, java.lang.Object)'> (0x00000000cbb66da0) 
thrown [s\open\src\hotspot\share\interpreter\linkResolver.cpp, line 774]
Event: 4.818 Thread 0x000002144e7a5570 Exception <a 'java/lang/NoSuchMethodError'{0x00000000cbb72fb8}: 'long java.lang.invoke.DirectMethodHandle$Holder.invokeInterface(java.lang.Object, java.lang.Object)'> (0x00000000cbb72fb8) 
thrown [s\open\src\hotspot\share\interpreter\linkResolver.cpp, line 774]
Event: 4.818 Thread 0x000002144e7a5570 Exception <a 'java/lang/IncompatibleClassChangeError'{0x00000000cbb75fc8}: Found class java.lang.Object, but interface was expected> (0x00000000cbb75fc8) 
thrown [s\open\src\hotspot\share\interpreter\linkResolver.cpp, line 841]

ZGC Phase Switch (0 events):
No events

VM Operations (20 events):
Event: 1.479 Executing VM operation: HandshakeAllThreads (Deoptimize)
Event: 1.479 Executing VM operation: HandshakeAllThreads (Deoptimize) done
Event: 1.991 Executing VM operation: G1CollectForAllocation (G1 Evacuation Pause)
Event: 1.998 Executing VM operation: G1CollectForAllocation (G1 Evacuation Pause) done
Event: 2.221 Executing VM operation: HandshakeAllThreads (Deoptimize)
Event: 2.221 Executing VM operation: HandshakeAllThreads (Deoptimize) done
Event: 2.629 Executing VM operation: HandshakeAllThreads (Deoptimize)
Event: 2.629 Executing VM operation: HandshakeAllThreads (Deoptimize) done
Event: 2.901 Executing VM operation: HandshakeAllThreads (Deoptimize)
Event: 2.901 Executing VM operation: HandshakeAllThreads (Deoptimize) done
Event: 2.913 Executing VM operation: HandshakeAllThreads (Deoptimize)
Event: 2.913 Executing VM operation: HandshakeAllThreads (Deoptimize) done
Event: 2.956 Executing VM operation: ICBufferFull
Event: 2.957 Executing VM operation: ICBufferFull done
Event: 3.332 Executing VM operation: G1CollectForAllocation (G1 Evacuation Pause)
Event: 3.344 Executing VM operation: G1CollectForAllocation (G1 Evacuation Pause) done
Event: 3.568 Executing VM operation: HandshakeAllThreads (Deoptimize)
Event: 3.579 Executing VM operation: HandshakeAllThreads (Deoptimize) done
Event: 4.594 Executing VM operation: Cleanup
Event: 4.594 Executing VM operation: Cleanup done

Events (16 events):
Event: 0.067 Thread 0x00000214580c7260 Thread added: 0x00000214580c7260
Event: 0.099 Thread 0x0000021441139840 Thread added: 0x0000021441139840
Event: 0.099 Thread 0x000002144113a710 Thread added: 0x000002144113a710
Event: 0.100 Thread 0x000002144113ea50 Thread added: 0x000002144113ea50
Event: 0.100 Thread 0x00000214411408a0 Thread added: 0x00000214411408a0
Event: 0.100 Thread 0x0000021441141c50 Thread added: 0x0000021441141c50
Event: 0.101 Thread 0x0000021441144870 Thread added: 0x0000021441144870
Event: 0.101 Thread 0x0000021441165de0 Thread added: 0x0000021441165de0
Event: 0.280 Thread 0x000002145816c040 Thread added: 0x000002145816c040
Event: 0.313 Thread 0x0000021441386820 Thread added: 0x0000021441386820
Event: 0.680 Thread 0x0000021441868e60 Thread added: 0x0000021441868e60
Event: 0.680 Thread 0x00000214418699b0 Thread added: 0x00000214418699b0
Event: 1.368 Thread 0x00000214419aa6f0 Thread added: 0x00000214419aa6f0
Event: 2.949 Thread 0x000002144e7a5570 Thread added: 0x000002144e7a5570
Event: 4.305 Thread 0x000002144ea13b60 Thread added: 0x000002144ea13b60
Event: 4.305 Thread 0x000002144ea31f90 Thread added: 0x000002144ea31f90


Dynamic libraries:
0x00007ff627f40000 - 0x00007ff627f4e000 	C:\Users\Ульяна\.jdks\openjdk-22.0.1\bin\java.exe
0x00007ffd7dd90000 - 0x00007ffd7df88000 	C:\Windows\SYSTEM32\ntdll.dll
0x00007ffd564a0000 - 0x00007ffd564b9000 	C:\Program Files\AVG\Antivirus\aswhook.dll
0x00007ffd7d640000 - 0x00007ffd7d6fd000 	C:\Windows\System32\KERNEL32.DLL
0x00007ffd7b930000 - 0x00007ffd7bc26000 	C:\Windows\System32\KERNELBASE.dll
0x00007ffd7b6e0000 - 0x00007ffd7b7e0000 	C:\Windows\System32\ucrtbase.dll
0x00007ffd67910000 - 0x00007ffd67927000 	C:\Users\Ульяна\.jdks\openjdk-22.0.1\bin\jli.dll
0x00007ffd66f50000 - 0x00007ffd66f6b000 	C:\Users\Ульяна\.jdks\openjdk-22.0.1\bin\VCRUNTIME140.dll
0x00007ffd5d880000 - 0x00007ffd5db1a000 	C:\Windows\WinSxS\amd64_microsoft.windows.common-controls_6595b64144ccf1df_6.0.19041.4355_none_60b8b9eb71f62e16\COMCTL32.dll
0x00007ffd7d0d0000 - 0x00007ffd7d26f000 	C:\Windows\System32\USER32.dll
0x00007ffd7d030000 - 0x00007ffd7d0ce000 	C:\Windows\System32\msvcrt.dll
0x00007ffd7c710000 - 0x00007ffd7c73b000 	C:\Windows\System32\GDI32.dll
0x00007ffd7bd90000 - 0x00007ffd7bdb2000 	C:\Windows\System32\win32u.dll
0x00007ffd7b5c0000 - 0x00007ffd7b6d7000 	C:\Windows\System32\gdi32full.dll
0x00007ffd7b4f0000 - 0x00007ffd7b58d000 	C:\Windows\System32\msvcp_win.dll
0x00007ffd7d600000 - 0x00007ffd7d632000 	C:\Windows\System32\IMM32.DLL
0x00007ffd76ef0000 - 0x00007ffd76efc000 	C:\Users\Ульяна\.jdks\openjdk-22.0.1\bin\vcruntime140_1.dll
0x00007ffd4bfe0000 - 0x00007ffd4c06e000 	C:\Users\Ульяна\.jdks\openjdk-22.0.1\bin\msvcp140.dll
0x00007ffd1ed70000 - 0x00007ffd1fab7000 	C:\Users\Ульяна\.jdks\openjdk-22.0.1\bin\server\jvm.dll
0x00007ffd7cf80000 - 0x00007ffd7d030000 	C:\Windows\System32\ADVAPI32.dll
0x00007ffd7c670000 - 0x00007ffd7c710000 	C:\Windows\System32\sechost.dll
0x00007ffd7cad0000 - 0x00007ffd7cbf3000 	C:\Windows\System32\RPCRT4.dll
0x00007ffd7b590000 - 0x00007ffd7b5b7000 	C:\Windows\System32\bcrypt.dll
0x00007ffd7c740000 - 0x00007ffd7c7ab000 	C:\Windows\System32\WS2_32.dll
0x00007ffd7b290000 - 0x00007ffd7b2db000 	C:\Windows\SYSTEM32\POWRPROF.dll
0x00007ffd70df0000 - 0x00007ffd70dfa000 	C:\Windows\SYSTEM32\VERSION.dll
0x00007ffd70dc0000 - 0x00007ffd70de7000 	C:\Windows\SYSTEM32\WINMM.dll
0x00007ffd7b270000 - 0x00007ffd7b282000 	C:\Windows\SYSTEM32\UMPDC.dll
0x00007ffd79280000 - 0x00007ffd79292000 	C:\Windows\SYSTEM32\kernel.appcore.dll
0x00007ffd76870000 - 0x00007ffd7687a000 	C:\Users\Ульяна\.jdks\openjdk-22.0.1\bin\jimage.dll
0x00007ffd6e230000 - 0x00007ffd6e414000 	C:\Windows\SYSTEM32\DBGHELP.DLL
0x00007ffd6e1c0000 - 0x00007ffd6e1f4000 	C:\Windows\SYSTEM32\dbgcore.DLL
0x00007ffd7b8a0000 - 0x00007ffd7b922000 	C:\Windows\System32\bcryptPrimitives.dll
0x00007ffd678c0000 - 0x00007ffd678cf000 	C:\Users\Ульяна\.jdks\openjdk-22.0.1\bin\instrument.dll
0x00007ffd66f30000 - 0x00007ffd66f4e000 	C:\Users\Ульяна\.jdks\openjdk-22.0.1\bin\java.dll
0x00007ffd7bdc0000 - 0x00007ffd7c52b000 	C:\Windows\System32\SHELL32.dll
0x00007ffd7d4d0000 - 0x00007ffd7d5fb000 	C:\Windows\System32\ole32.dll
0x00007ffd7cc20000 - 0x00007ffd7cf73000 	C:\Windows\System32\combase.dll
0x00007ffd79480000 - 0x00007ffd79c1d000 	C:\Windows\SYSTEM32\windows.storage.dll
0x00007ffd7acb0000 - 0x00007ffd7acde000 	C:\Windows\SYSTEM32\Wldp.dll
0x00007ffd7d270000 - 0x00007ffd7d33d000 	C:\Windows\System32\OLEAUT32.dll
0x00007ffd7c5c0000 - 0x00007ffd7c66d000 	C:\Windows\System32\SHCORE.dll
0x00007ffd7d820000 - 0x00007ffd7d875000 	C:\Windows\System32\shlwapi.dll
0x00007ffd7b370000 - 0x00007ffd7b394000 	C:\Windows\SYSTEM32\profapi.dll
0x00007ffd63a70000 - 0x00007ffd63a87000 	C:\Users\Ульяна\.jdks\openjdk-22.0.1\bin\zip.dll
0x00007ffd63af0000 - 0x00007ffd63b00000 	C:\Users\Ульяна\.jdks\openjdk-22.0.1\bin\net.dll
0x00007ffd7aa90000 - 0x00007ffd7aafa000 	C:\Windows\system32\mswsock.dll
0x00007ffd62b90000 - 0x00007ffd62ba6000 	C:\Users\Ульяна\.jdks\openjdk-22.0.1\bin\nio.dll
0x00007ffd60800000 - 0x00007ffd60809000 	C:\Users\Ульяна\.jdks\openjdk-22.0.1\bin\extnet.dll
0x00007ffd7a7d0000 - 0x00007ffd7a89b000 	C:\Windows\SYSTEM32\DNSAPI.dll
0x00007ffd7a790000 - 0x00007ffd7a7cb000 	C:\Windows\SYSTEM32\IPHLPAPI.DLL
0x00007ffd7d340000 - 0x00007ffd7d348000 	C:\Windows\System32\NSI.dll
0x00007ffd6ddc0000 - 0x00007ffd6ddca000 	C:\Windows\System32\rasadhlp.dll
0x00007ffd6dce0000 - 0x00007ffd6dd60000 	C:\Windows\System32\fwpuclnt.dll
0x00007ffd633b0000 - 0x00007ffd633ba000 	C:\Users\Ульяна\.jdks\openjdk-22.0.1\bin\management.dll
0x00007ffd62af0000 - 0x00007ffd62afb000 	C:\Users\Ульяна\.jdks\openjdk-22.0.1\bin\management_ext.dll
0x00007ffd7c9e0000 - 0x00007ffd7c9e8000 	C:\Windows\System32\PSAPI.DLL
0x00007ffd7acf0000 - 0x00007ffd7ad08000 	C:\Windows\SYSTEM32\CRYPTSP.dll
0x00007ffd7a3d0000 - 0x00007ffd7a404000 	C:\Windows\system32\rsaenh.dll
0x00007ffd7b2e0000 - 0x00007ffd7b30e000 	C:\Windows\SYSTEM32\USERENV.dll
0x00007ffd7ac20000 - 0x00007ffd7ac2c000 	C:\Windows\SYSTEM32\CRYPTBASE.dll
0x00007ffd5fd50000 - 0x00007ffd5fd67000 	C:\Windows\system32\napinsp.dll
0x00007ffd5fd30000 - 0x00007ffd5fd4b000 	C:\Windows\system32\pnrpnsp.dll
0x00007ffd757c0000 - 0x00007ffd757d5000 	C:\Windows\system32\wshbth.dll
0x00007ffd76c90000 - 0x00007ffd76cad000 	C:\Windows\system32\NLAapi.dll
0x00007ffd5fd10000 - 0x00007ffd5fd22000 	C:\Windows\System32\winrnr.dll

dbghelp: loaded successfully - version: 4.0.5 - missing functions: none
symbol engine: initialized successfully - sym options: 0x614 - pdb path: .;C:\Users\Ульяна\.jdks\openjdk-22.0.1\bin;C:\Windows\SYSTEM32;C:\Program Files\AVG\Antivirus;C:\Windows\WinSxS\amd64_microsoft.windows.common-controls_6595b64144ccf1df_6.0.19041.4355_none_60b8b9eb71f62e16;C:\Users\Ульяна\.jdks\openjdk-22.0.1\bin\server

VM Arguments:
jvm_args: -XX:TieredStopAtLevel=1 -Dspring.output.ansi.enabled=always -Dcom.sun.management.jmxremote -Dspring.jmx.enabled=true -Dspring.liveBeansView.mbeanDomain -Dspring.application.admin.enabled=true -Dmanagement.endpoints.jmx.exposure.include=* -javaagent:C:\Users\Ульяна\AppData\Local\Programs\IntelliJ IDEA Ultimate\lib\idea_rt.jar=65173:C:\Users\Ульяна\AppData\Local\Programs\IntelliJ IDEA Ultimate\bin -Dfile.encoding=UTF-8 -Dsun.stdout.encoding=UTF-8 -Dsun.stderr.encoding=UTF-8 
java_command: ru.java.kursach.tracking_attendance.TrackingAttendanceApplication
java_class_path (initial): C:\Users\Ульяна\Desktop\tracking-attendance\target\classes;C:\Users\Ульяна\.m2\repository\org\springframework\boot\spring-boot-starter-actuator\3.3.1\spring-boot-starter-actuator-3.3.1.jar;C:\Users\Ульяна\.m2\repository\org\springframework\boot\spring-boot-starter\3.3.1\spring-boot-starter-3.3.1.jar;C:\Users\Ульяна\.m2\repository\org\springframework\boot\spring-boot-autoconfigure\3.3.1\spring-boot-autoconfigure-3.3.1.jar;C:\Users\Ульяна\.m2\repository\org\springframework\boot\spring-boot-starter-logging\3.3.1\spring-boot-starter-logging-3.3.1.jar;C:\Users\Ульяна\.m2\repository\ch\qos\logback\logback-classic\1.5.6\logback-classic-1.5.6.jar;C:\Users\Ульяна\.m2\repository\ch\qos\logback\logback-core\1.5.6\logback-core-1.5.6.jar;C:\Users\Ульяна\.m2\repository\org\apache\logging\log4j\log4j-to-slf4j\2.23.1\log4j-to-slf4j-2.23.1.jar;C:\Users\Ульяна\.m2\repository\org\apache\logging\log4j\log4j-api\2.23.1\log4j-api-2.23.1.jar;C:\Users\Ульяна\.m2\repository\org\slf4j\jul-to-slf4j\2.0.13\jul-to-slf4j-2.0.13.jar;C:\Users\Ульяна\.m2\repository\jakarta\annotation\jakarta.annotation-api\2.1.1\jakarta.annotation-api-2.1.1.jar;C:\Users\Ульяна\.m2\repository\org\springframework\boot\spring-boot-actuator-autoconfigure\3.3.1\spring-boot-actuator-autoconfigure-3.3.1.jar;C:\Users\Ульяна\.m2\repository\org\springframework\boot\spring-boot-actuator\3.3.1\spring-boot-actuator-3.3.1.jar;C:\Users\Ульяна\.m2\repository\com\fasterxml\jackson\datatype\jackson-datatype-jsr310\2.17.1\jackson-datatype-jsr310-2.17.1.jar;C:\Users\Ульяна\.m2\repository\io\micrometer\micrometer-observation\1.13.1\micrometer-observation-1.13.1.jar;C:\Users\Ульяна\.m2\repository\io\micrometer\micrometer-commons\1.13.1\micrometer-commons-1.13.1.jar;C:\Users\Ульяна\.m2\repository\io\micrometer\micrometer-jakarta9\1.13.1\micrometer-jakarta9-1.13.1.jar;C:\Users\Ульяна\.m2\repository\io\micrometer\micrometer-core\1.13.1\micrometer-core-1.13.1.jar;C:\Users\Ульяна\.m2\repository\org\hdrhistogram\HdrHistogram\2.2.2\HdrHistogram-2.2.2.jar;C:\Users\Ульяна\.m2\repository\org\latencyutils\LatencyUtils\2.0.3\LatencyUtils-2.0.3.jar;C:\Users\Ульяна\.m2\repository\org\springframework\boot\spring-boot-starter-data-jpa\3.3.1\spring-boot-starter-data-jpa-3.3.1.jar;C:\Users\Ульяна\.m2\repository\org\springframework\boot\spring-boot-starter-aop\3.3.1\spring-boot-starter-aop-3.3.1.jar;C:\Users\Ульяна\.m2\repository\org\aspectj\aspectjweaver\1.9.22\aspectjweaver-1.9.22.jar;C:\Users\Ульяна\.m2\repository\org\springframework\boot\spring-boot-starter-jdbc\3.3.1\spring-boot-starter-jdbc-3.3.1.jar;C:\Users\Ульяна\.m2\repository\com\zaxxer\HikariCP\5.1.0\HikariCP-5.1.0.jar;C:\Users\Ульяна\.m2\repository\org\springframework\spring-jdbc\6.1.10\spring-jdbc-6.1.10.jar;C:\Users\Ульяна\.m2\repository\org\hibernate\orm\hibernate-core\6.5.2.Final\hibernate-core-6.5.2.Final.jar;C:\Users\Ульяна\.m2\repository\jakarta\persistence\jakarta.persistence-api\3.1.0\jakarta.persistence-api-3.1.0.jar;C:\Users\Ульяна\.m2\repository\jakarta\transaction\jakarta.transaction-api\2.0.1\jakarta.transaction-api-2.0.1.jar;C:\Users\Ульяна\.m2\repository\org\jboss\logging\jboss-logging\3.5.3.Final\jboss-logging-3.5.3.Final.jar;C:\Users\Ульяна\.m2\repository\org\hibernate\common\hibernate-commons-annotations\6.0.6.Final\hibernate-commons-annotations-6.0.6.Final.jar;C:\Users\Ульяна\.m2\repository\io\smallrye\jandex\3.1.2\jandex-3.1.2.jar;C:\Users\Ульяна\.m2\repository\com\fasterxml\classmate\1.7.0\classmate-1.7.0.jar;C:\Users\Ульяна\.m2\repository\net\bytebuddy\byte-buddy\1.14.17\byte-buddy-1.14.17.jar;C:\Users\Ульяна\.m2\repository\org\glassfish\jaxb\jaxb-runtime\4.0.5\jaxb-runtime-4.0.5.jar;C:\Users\Ульяна\.m2\repository\org\glassfish\jaxb\jaxb-core\4.0.5\jaxb-core-4.0.5.jar;C:\Users\Ульяна\.m2\repository\org\eclipse\angus\angus-activation\2.0.2\angus-activation-2.0.2.jar;C:\Users\Ульяна\.m2\repository\org\glassfish\jaxb\txw2\4.0.5\txw2-4.0.5.jar;C:\Users\Ульяна\.m2\repository\com\sun\istack\istack-commons-runtime\4.1.2\istack-commons-runtime-4.1.2.jar;C:\Users\Ульяна\.m2\repository\jakarta\inject\jakarta.inject-api\2.0.1\jakarta.inject-api-2.0.1.jar;C:\Users\Ульяна\.m2\repository\org\antlr\antlr4-runtime\4.13.0\antlr4-runtime-4.13.0.jar;C:\Users\Ульяна\.m2\repository\org\springframework\data\spring-data-jpa\3.3.1\spring-data-jpa-3.3.1.jar;C:\Users\Ульяна\.m2\repository\org\springframework\data\spring-data-commons\3.3.1\spring-data-commons-3.3.1.jar;C:\Users\Ульяна\.m2\repository\org\springframework\spring-orm\6.1.10\spring-orm-6.1.10.jar;C:\Users\Ульяна\.m2\repository\org\springframework\spring-context\6.1.10\spring-context-6.1.10.jar;C:\Users\Ульяна\.m2\repository\org\springframework\spring-tx\6.1.10\spring-tx-6.1.10.jar;C:\Users\Ульяна\.m2\repository\org\springframework\spring-beans\6.1.10\spring-beans-6.1.10.jar;C:\Users\Ульяна\.m2\repository\org\slf4j\slf4j-api\2.0.13\slf4j-api-2.0.13.jar;C:\Users\Ульяна\.m2\repository\org\springframework\spring-aspects\6.1.10\spring-aspects-6.1.10.jar;C:\Users\Ульяна\.m2\repository\org\springframework\boot\spring-boot-starter-web\3.3.1\spring-boot-starter-web-3.3.1.jar;C:\Users\Ульяна\.m2\repository\org\springframework\boot\spring-boot-starter-json\3.3.1\spring-boot-starter-json-3.3.1.jar;C:\Users\Ульяна\.m2\repository\com\fasterxml\jackson\datatype\jackson-datatype-jdk8\2.17.1\jackson-datatype-jdk8-2.17.1.jar;C:\Users\Ульяна\.m2\repository\org\springframework\boot\spring-boot-starter-tomcat\3.3.1\spring-boot-starter-tomcat-3.3.1.jar;C:\Users\Ульяна\.m2\repository\org\apache\tomcat\embed\tomcat-embed-core\10.1.25\tomcat-embed-core-10.1.25.jar;C:\Users\Ульяна\.m2\repository\org\apache\tomcat\embed\tomcat-embed-el\10.1.25\tomcat-embed-el-10.1.25.jar;C:\Users\Ульяна\.m2\repository\org\apache\tomcat\embed\tomcat-embed-websocket\10.1.25\tomcat-embed-websocket-10.1.25.jar;C:\Users\Ульяна\.m2\repository\org\springframework\spring-web\6.1.10\spring-web-6.1.10.jar;C:\Users\Ульяна\.m2\repository\org\springframework\spring-webmvc\6.1.10\spring-webmvc-6.1.10.jar;C:\Users\Ульяна\.m2\repository\org\springframework\spring-expression\6.1.10\spring-expression-6.1.10.jar;C:\Users\Ульяна\.m2\repository\org\liquibase\liquibase-core\4.27.0\liquibase-core-4.27.0.jar;C:\Users\Ульяна\.m2\repository\com\opencsv\opencsv\5.9\opencsv-5.9.jar;C:\Users\Ульяна\.m2\repository\org\apache\commons\commons-text\1.11.0\commons-text-1.11.0.jar;C:\Users\Ульяна\.m2\repository\org\apache\commons\commons-collections4\4.4\commons-collections4-4.4.jar;C:\Users\Ульяна\.m2\repository\org\yaml\snakeyaml\2.2\snakeyaml-2.2.jar;C:\Users\Ульяна\.m2\repository\javax\xml\bind\jaxb-api\2.3.1\jaxb-api-2.3.1.jar;C:\Users\Ульяна\.m2\repository\org\apache\commons\commons-lang3\3.14.0\commons-lang3-3.14.0.jar;C:\Users\Ульяна\.m2\repository\org\springframework\boot\spring-boot-docker-compose\3.3.1\spring-boot-docker-compose-3.3.1.jar;C:\Users\Ульяна\.m2\repository\org\springframework\boot\spring-boot\3.3.1\spring-boot-3.3.1.jar;C:\Users\Ульяна\.m2\repository\com\fasterxml\jackson\core\jackson-databind\2.17.1\jackson-databind-2.17.1.jar;C:\Users\Ульяна\.m2\repository\com\fasterxml\jackson\core\jackson-annotations\2.17.1\jackson-annotations-2.17.1.jar;C:\Users\Ульяна\.m2\repository\com\fasterxml\jackson\core\jackson-core\2.17.1\jackson-core-2.17.1.jar;C:\Users\Ульяна\.m2\repository\com\fasterxml\jackson\module\jackson-module-parameter-names\2.17.1\jackson-module-parameter-names-2.17.1.jar;C:\Users\Ульяна\.m2\repository\com\h2database\h2\2.2.224\h2-2.2.224.jar;C:\Users\Ульяна\.m2\repository\org\postgresql\postgresql\42.7.3\postgresql-42.7.3.jar;C:\Users\Ульяна\.m2\repository\org\checkerframework\checker-qual\3.42.0\checker-qual-3.42.0.jar;C:\Users\Ульяна\.m2\repository\org\projectlombok\lombok\1.18.32\lombok-1.18.32.jar;C:\Users\Ульяна\.m2\repository\jakarta\xml\bind\jakarta.xml.bind-api\4.0.2\jakarta.xml.bind-api-4.0.2.jar;C:\Users\Ульяна\.m2\repository\jakarta\activation\jakarta.activation-api\2.1.3\jakarta.activation-api-2.1.3.jar;C:\Users\Ульяна\.m2\repository\org\springframework\spring-core\6.1.10\spring-core-6.1.10.jar;C:\Users\Ульяна\.m2\repository\org\springframework\spring-jcl\6.1.10\spring-jcl-6.1.10.jar;C:\Users\Ульяна\.m2\repository\org\springframework\boot\spring-boot-starter-security\3.3.1\spring-boot-starter-security-3.3.1.jar;C:\Users\Ульяна\.m2\repository\org\springframework\spring-aop\6.1.10\spring-aop-6.1.10.jar;C:\Users\Ульяна\.m2\repository\org\springframework\security\spring-security-config\6.3.1\spring-security-config-6.3.1.jar;C:\Users\Ульяна\.m2\repository\org\springframework\security\spring-security-web\6.3.1\spring-security-web-6.3.1.jar;C:\Users\Ульяна\.m2\repository\org\springframework\security\spring-security-core\6.3.1\spring-security-core-6.3.1.jar;C:\Users\Ульяна\.m2\repository\org\springframework\security\spring-security-crypto\6.3.1\spring-security-crypto-6.3.1.jar;C:\Users\Ульяна\.m2\repository\io\jsonwebtoken\jjwt-api\0.12.3\jjwt-api-0.12.3.jar;C:\Users\Ульяна\.m2\repository\io\jsonwebtoken\jjwt-impl\0.12.3\jjwt-impl-0.12.3.jar;C:\Users\Ульяна\.m2\repository\io\jsonwebtoken\jjwt-jackson\0.12.3\jjwt-jackson-0.12.3.jar
Launcher Type: SUN_STANDARD

[Global flags]
     intx CICompilerCount                          = 3                                         {product} {ergonomic}
     uint ConcGCThreads                            = 1                                         {product} {ergonomic}
     uint G1ConcRefinementThreads                  = 4                                         {product} {ergonomic}
   size_t G1HeapRegionSize                         = 1048576                                   {product} {ergonomic}
   size_t InitialHeapSize                          = 58720256                                  {product} {ergonomic}
     bool ManagementServer                         = true                                      {product} {command line}
   size_t MarkStackSize                            = 4194304                                   {product} {ergonomic}
   size_t MaxHeapSize                              = 908066816                                 {product} {ergonomic}
   size_t MaxNewSize                               = 544210944                                 {product} {ergonomic}
   size_t MinHeapDeltaBytes                        = 1048576                                   {product} {ergonomic}
   size_t MinHeapSize                              = 8388608                                   {product} {ergonomic}
    uintx NonNMethodCodeHeapSize                   = 4096                                   {pd product} {ergonomic}
    uintx NonProfiledCodeHeapSize                  = 0                                      {pd product} {ergonomic}
     bool ProfileInterpreter                       = false                                  {pd product} {command line}
    uintx ProfiledCodeHeapSize                     = 0                                      {pd product} {ergonomic}
   size_t SoftMaxHeapSize                          = 908066816                              {manageable} {ergonomic}
     intx TieredStopAtLevel                        = 1                                         {product} {command line}
     bool UseCompressedOops                        = true                           {product lp64_product} {ergonomic}
     bool UseG1GC                                  = true                                      {product} {ergonomic}
     bool UseLargePagesIndividualAllocation        = false                                  {pd product} {ergonomic}

Logging:
Log output configuration:
 #0: stdout all=warning uptime,level,tags foldmultilines=false
 #1: stderr all=off uptime,level,tags foldmultilines=false

Environment Variables:
PATH=C:\Program Files\Common Files\Oracle\Java\javapath;C:\Program Files (x86)\Common Files\Oracle\Java\javapath;C:\Windows\system32;C:\Windows;C:\Windows\System32\Wbem;C:\Windows\System32\WindowsPowerShell\v1.0\;C:\Windows\System32\OpenSSH\;C:\Program Files\dotnet\;C:\Program Files\Microsoft SQL Server\110\Tools\Binn\;C:\Program Files\Git\cmd;C:\Program Files\Docker\Docker\resources\bin;C:\Users\Ульяна\AppData\Local\Programs\Python\Launcher\;C:\Users\Ульяна\AppData\Local\Microsoft\WindowsApps;C:\Program Files\JetBrains\PyCharm Community Edition 2023.2.1\bin;C:\Users\Ульяна\AppData\Local\GitHubDesktop\bin;C:\Users\Ульяна\.dotnet\tools;C:\Users\Ульяна\AppData\Local\JetBrains\Toolbox\scripts
USERNAME=Ульяна
OS=Windows_NT
PROCESSOR_IDENTIFIER=AMD64 Family 23 Model 24 Stepping 1, AuthenticAMD
TMP=C:\Users\3806~1\AppData\Local\Temp
TEMP=C:\Users\3806~1\AppData\Local\Temp




Periodic native trim disabled

---------------  S Y S T E M  ---------------

OS:
 Windows 10 , 64 bit Build 19041 (10.0.19041.3636)
OS uptime: 5 days 5:44 hours
Hyper-V role detected

CPU: total 4 (initial active 4) (4 cores per cpu, 2 threads per core) family 23 model 24 stepping 1 microcode 0x0, cx8, cmov, fxsr, ht, mmx, 3dnowpref, sse, sse2, sse3, ssse3, sse4a, sse4.1, sse4.2, popcnt, lzcnt, tsc, tscinvbit, avx, avx2, aes, clmul, bmi1, bmi2, adx, sha, fma, vzeroupper, clflush, clflushopt, hv, rdtscp, f16c
Processor Information for all 4 processors :
  Max Mhz: 2600, Current Mhz: 2600, Mhz Limit: 2600

Memory: 4k page, system-wide physical 3459M (228M free)
TotalPageFile size 14211M (AvailPageFile size 22M)
current process WorkingSet (physical memory assigned to process): 104M, peak: 104M
current process commit charge ("private bytes"): 159M, peak: 159M

vm_info: OpenJDK 64-Bit Server VM (22.0.1+8-16) for windows-amd64 JRE (22.0.1+8-16), built on 2024-03-12T10:33:16Z by "mach5one" with MS VC++ 17.6 (VS2022)

END.
