#
# There is insufficient memory for the Java Runtime Environment to continue.
# Native memory allocation (mmap) failed to map 58720256 bytes. Error detail: G1 virtual space
# Possible reasons:
#   The system is out of physical RAM or swap space
#   This process is running with CompressedOops enabled, and the Java Heap may be blocking the growth of the native heap
# Possible solutions:
#   Reduce memory load on the system
#   Increase physical memory or swap space
#   Check if swap backing store is full
#   Decrease Java heap size (-Xmx/-Xms)
#   Decrease number of Java threads
#   Decrease Java thread stack sizes (-Xss)
#   Set larger code cache with -XX:ReservedCodeCacheSize=
#   JVM is running with Unscaled Compressed Oops mode in which the Java heap is
#     placed in the first 4GB address space. The Java Heap base address is the
#     maximum limit for the native heap growth. Please use -XX:HeapBaseMinAddress
#     to set the Java Heap base and to place the Java Heap above 4GB virtual address.
# This output file may be truncated or incomplete.
#
#  Out of Memory Error (os_windows.cpp:3631), pid=12464, tid=3728
#
# JRE version:  (22.0.1+8) (build )
# Java VM: OpenJDK 64-Bit Server VM (22.0.1+8-16, mixed mode, sharing, tiered, compressed oops, compressed class ptrs, g1 gc, windows-amd64)
# No core dump will be written. Minidumps are not enabled by default on client versions of Windows
#

---------------  S U M M A R Y ------------

Command Line: -Dnet.bytebuddy.agent.attacher.dump= net.bytebuddy.agent.Attacher com.sun.tools.attach.VirtualMachine 10768 C:\Users\Ульяна\.m2\repository\net\bytebuddy\byte-buddy-agent\1.14.17\byte-buddy-agent-1.14.17.jar false 

Host: AMD Ryzen 3 3200U with Radeon Vega Mobile Gfx  , 4 cores, 3G,  Windows 10 , 64 bit Build 19041 (10.0.19041.3636)
Time: Thu Jun 27 07:15:35 2024 RTZ 2 (s 10 , 64 bit Build 19041 (10.0.19041.3636) elapsed time: 0.134239 seconds (0d 0h 0m 0s)

---------------  T H R E A D  ---------------

Current thread (0x0000025137f2ade0):  JavaThread "Unknown thread" [_thread_in_vm, id=3728, stack(0x0000005d49100000,0x0000005d49200000) (1024K)]

Stack: [0x0000005d49100000,0x0000005d49200000]
Native frames: (J=compiled Java code, j=interpreted, Vv=VM code, C=native code)
V  [jvm.dll+0x6e2279]  (no source info available)
V  [jvm.dll+0x874e33]  (no source info available)
V  [jvm.dll+0x87725e]  (no source info available)
V  [jvm.dll+0x877933]  (no source info available)
V  [jvm.dll+0x27fd76]  (no source info available)
V  [jvm.dll+0x6de915]  (no source info available)
V  [jvm.dll+0x6d341a]  (no source info available)
V  [jvm.dll+0x3589da]  (no source info available)
V  [jvm.dll+0x360f06]  (no source info available)
V  [jvm.dll+0x3b3e2e]  (no source info available)
V  [jvm.dll+0x3b40d8]  (no source info available)
V  [jvm.dll+0x32c59c]  (no source info available)
V  [jvm.dll+0x32d158]  (no source info available)
V  [jvm.dll+0x83ccdc]  (no source info available)
V  [jvm.dll+0x3c0d71]  (no source info available)
V  [jvm.dll+0x825ccc]  (no source info available)
V  [jvm.dll+0x45b8fe]  (no source info available)
V  [jvm.dll+0x45d781]  (no source info available)
C  [jli.dll+0x52a3]  (no source info available)
C  [ucrtbase.dll+0x21bb2]  (no source info available)
C  [KERNEL32.DLL+0x17344]  (no source info available)
C  [ntdll.dll+0x526b1]  (no source info available)


---------------  P R O C E S S  ---------------

Threads class SMR info:
_java_thread_list=0x00007ffd1f95b1c8, length=0, elements={
}

Java Threads: ( => current thread )
Total: 0

Other Threads:
  0x000002513a0b6310 WorkerThread "GC Thread#0"                     [id=10900, stack(0x0000005d49200000,0x0000005d49300000) (1024K)]
  0x000002513a0be1c0 ConcurrentGCThread "G1 Main Marker"            [id=4760, stack(0x0000005d49300000,0x0000005d49400000) (1024K)]
  0x000002513a0bf470 WorkerThread "G1 Conc#0"                       [id=8564, stack(0x0000005d49400000,0x0000005d49500000) (1024K)]

[error occurred during error reporting (printing all threads), id 0xc0000005, EXCEPTION_ACCESS_VIOLATION (0xc0000005) at pc=0x00007ffd1f0af367]
VM state: not at safepoint (not fully initialized)

VM Mutex/Monitor currently owned by a thread:  ([mutex/lock_event])
[0x00007ffd1f9dbcb8] Heap_lock - owner thread: 0x0000025137f2ade0

Heap address: 0x00000000c9e00000, size: 866 MB, Compressed Oops mode: 32-bit

CDS archive(s) mapped at: [0x0000000000000000-0x0000000000000000-0x0000000000000000), size 0, SharedBaseAddress: 0x0000000800000000, ArchiveRelocationMode: 1.
Narrow klass base: 0x0000000000000000, Narrow klass shift: 0, Narrow klass range: 0x0

GC Precious Log:
 CardTable entry size: 512
 Card Set container configuration: InlinePtr #cards 5 size 8 Array Of Cards #cards 12 size 40 Howl #buckets 4 coarsen threshold 1843 Howl Bitmap #cards 512 size 80 coarsen threshold 460 Card regions per heap region 1 cards per card region 2048

Heap:
 garbage-first heap   total reserved 886784K, committed 0K, used 0K [0x00000000c9e00000, 0x0000000100000000)
  region size 1024K, 0 young (0K), 0 survivors (0K)

[error occurred during error reporting (printing heap information), id 0xc0000005, EXCEPTION_ACCESS_VIOLATION (0xc0000005) at pc=0x00007ffd1f4ae429]
GC Heap History (0 events):
No events

Dll operation events (1 events):
Event: 0.101 Loaded shared library C:\Users\Ульяна\.jdks\openjdk-22.0.1\bin\java.dll

Deoptimization events (0 events):
No events

Classes loaded (0 events):
No events

Classes unloaded (0 events):
No events

Classes redefined (0 events):
No events

Internal exceptions (0 events):
No events

ZGC Phase Switch (0 events):
No events

VM Operations (0 events):
No events

Events (0 events):
No events


Dynamic libraries:
0x00007ff627f40000 - 0x00007ff627f4e000 	C:\Users\Ульяна\.jdks\openjdk-22.0.1\bin\java.exe
0x00007ffd7dd90000 - 0x00007ffd7df88000 	C:\Windows\SYSTEM32\ntdll.dll
0x00007ffd564a0000 - 0x00007ffd564b9000 	C:\Program Files\AVG\Antivirus\aswhook.dll
0x00007ffd7d640000 - 0x00007ffd7d6fd000 	C:\Windows\System32\KERNEL32.DLL
0x00007ffd7b930000 - 0x00007ffd7bc26000 	C:\Windows\System32\KERNELBASE.dll
0x00007ffd7b6e0000 - 0x00007ffd7b7e0000 	C:\Windows\System32\ucrtbase.dll
0x00007ffd67910000 - 0x00007ffd67927000 	C:\Users\Ульяна\.jdks\openjdk-22.0.1\bin\jli.dll
0x00007ffd66f50000 - 0x00007ffd66f6b000 	C:\Users\Ульяна\.jdks\openjdk-22.0.1\bin\VCRUNTIME140.dll
0x00007ffd7d0d0000 - 0x00007ffd7d26f000 	C:\Windows\System32\USER32.dll
0x00007ffd7bd90000 - 0x00007ffd7bdb2000 	C:\Windows\System32\win32u.dll
0x00007ffd7c710000 - 0x00007ffd7c73b000 	C:\Windows\System32\GDI32.dll
0x00007ffd5d880000 - 0x00007ffd5db1a000 	C:\Windows\WinSxS\amd64_microsoft.windows.common-controls_6595b64144ccf1df_6.0.19041.4355_none_60b8b9eb71f62e16\COMCTL32.dll
0x00007ffd7d030000 - 0x00007ffd7d0ce000 	C:\Windows\System32\msvcrt.dll
0x00007ffd7b5c0000 - 0x00007ffd7b6d7000 	C:\Windows\System32\gdi32full.dll
0x00007ffd7b4f0000 - 0x00007ffd7b58d000 	C:\Windows\System32\msvcp_win.dll
0x00007ffd7d600000 - 0x00007ffd7d632000 	C:\Windows\System32\IMM32.DLL
0x00007ffd76ef0000 - 0x00007ffd76efc000 	C:\Users\Ульяна\.jdks\openjdk-22.0.1\bin\vcruntime140_1.dll
0x00007ffd4bfe0000 - 0x00007ffd4c06e000 	C:\Users\Ульяна\.jdks\openjdk-22.0.1\bin\msvcp140.dll
0x00007ffd1ed70000 - 0x00007ffd1fab7000 	C:\Users\Ульяна\.jdks\openjdk-22.0.1\bin\server\jvm.dll
0x00007ffd7cf80000 - 0x00007ffd7d030000 	C:\Windows\System32\ADVAPI32.dll
0x00007ffd7c670000 - 0x00007ffd7c710000 	C:\Windows\System32\sechost.dll
0x00007ffd7cad0000 - 0x00007ffd7cbf3000 	C:\Windows\System32\RPCRT4.dll
0x00007ffd7b590000 - 0x00007ffd7b5b7000 	C:\Windows\System32\bcrypt.dll
0x00007ffd7c740000 - 0x00007ffd7c7ab000 	C:\Windows\System32\WS2_32.dll
0x00007ffd7b290000 - 0x00007ffd7b2db000 	C:\Windows\SYSTEM32\POWRPROF.dll
0x00007ffd70dc0000 - 0x00007ffd70de7000 	C:\Windows\SYSTEM32\WINMM.dll
0x00007ffd70df0000 - 0x00007ffd70dfa000 	C:\Windows\SYSTEM32\VERSION.dll
0x00007ffd7b270000 - 0x00007ffd7b282000 	C:\Windows\SYSTEM32\UMPDC.dll
0x00007ffd79280000 - 0x00007ffd79292000 	C:\Windows\SYSTEM32\kernel.appcore.dll
0x00007ffd76870000 - 0x00007ffd7687a000 	C:\Users\Ульяна\.jdks\openjdk-22.0.1\bin\jimage.dll
0x00007ffd6e230000 - 0x00007ffd6e414000 	C:\Windows\SYSTEM32\DBGHELP.DLL
0x00007ffd6e1c0000 - 0x00007ffd6e1f4000 	C:\Windows\SYSTEM32\dbgcore.DLL
0x00007ffd7b8a0000 - 0x00007ffd7b922000 	C:\Windows\System32\bcryptPrimitives.dll
0x00007ffd66f30000 - 0x00007ffd66f4e000 	C:\Users\Ульяна\.jdks\openjdk-22.0.1\bin\java.dll
0x00007ffd7bdc0000 - 0x00007ffd7c52b000 	C:\Windows\System32\SHELL32.dll
0x00007ffd7d4d0000 - 0x00007ffd7d5fb000 	C:\Windows\System32\ole32.dll
0x00007ffd7cc20000 - 0x00007ffd7cf73000 	C:\Windows\System32\combase.dll

dbghelp: loaded successfully - version: 4.0.5 - missing functions: none
symbol engine: initialized successfully - sym options: 0x614 - pdb path: .;C:\Users\Ульяна\.jdks\openjdk-22.0.1\bin;C:\Windows\SYSTEM32;C:\Program Files\AVG\Antivirus;C:\Windows\WinSxS\amd64_microsoft.windows.common-controls_6595b64144ccf1df_6.0.19041.4355_none_60b8b9eb71f62e16;C:\Users\Ульяна\.jdks\openjdk-22.0.1\bin\server

VM Arguments:
jvm_args: -Dnet.bytebuddy.agent.attacher.dump= 
java_command: net.bytebuddy.agent.Attacher com.sun.tools.attach.VirtualMachine 10768 C:\Users\Ульяна\.m2\repository\net\bytebuddy\byte-buddy-agent\1.14.17\byte-buddy-agent-1.14.17.jar false 
java_class_path (initial): C:\Users\Ульяна\.m2\repository\net\bytebuddy\byte-buddy-agent\1.14.17\byte-buddy-agent-1.14.17.jar
Launcher Type: SUN_STANDARD

[Global flags]
     intx CICompilerCount                          = 3                                         {product} {ergonomic}
     uint ConcGCThreads                            = 1                                         {product} {ergonomic}
     uint G1ConcRefinementThreads                  = 4                                         {product} {ergonomic}
   size_t G1HeapRegionSize                         = 1048576                                   {product} {ergonomic}
   size_t InitialHeapSize                          = 58720256                                  {product} {ergonomic}
   size_t MarkStackSize                            = 4194304                                   {product} {ergonomic}
   size_t MaxHeapSize                              = 908066816                                 {product} {ergonomic}
   size_t MinHeapDeltaBytes                        = 1048576                                   {product} {ergonomic}
   size_t MinHeapSize                              = 8388608                                   {product} {ergonomic}
    uintx NonNMethodCodeHeapSize                   = 5832780                                {pd product} {ergonomic}
    uintx NonProfiledCodeHeapSize                  = 122912730                              {pd product} {ergonomic}
    uintx ProfiledCodeHeapSize                     = 122912730                              {pd product} {ergonomic}
    uintx ReservedCodeCacheSize                    = 251658240                              {pd product} {ergonomic}
     bool SegmentedCodeCache                       = true                                      {product} {ergonomic}
   size_t SoftMaxHeapSize                          = 908066816                              {manageable} {ergonomic}
     bool UseCompressedOops                        = true                           {product lp64_product} {ergonomic}
     bool UseG1GC                                  = true                                      {product} {ergonomic}
     bool UseLargePagesIndividualAllocation        = false                                  {pd product} {ergonomic}

Logging:
Log output configuration:
 #0: stdout all=warning uptime,level,tags foldmultilines=false
 #1: stderr all=off uptime,level,tags foldmultilines=false

Environment Variables:
PATH=C:\Program Files\Common Files\Oracle\Java\javapath;C:\Program Files (x86)\Common Files\Oracle\Java\javapath;C:\Windows\system32;C:\Windows;C:\Windows\System32\Wbem;C:\Windows\System32\WindowsPowerShell\v1.0\;C:\Windows\System32\OpenSSH\;C:\Program Files\dotnet\;C:\Program Files\Microsoft SQL Server\110\Tools\Binn\;C:\Program Files\Git\cmd;C:\Program Files\Docker\Docker\resources\bin;C:\Users\Ульяна\AppData\Local\Programs\Python\Launcher\;C:\Users\Ульяна\AppData\Local\Microsoft\WindowsApps;C:\Program Files\JetBrains\PyCharm Community Edition 2023.2.1\bin;C:\Users\Ульяна\AppData\Local\GitHubDesktop\bin;C:\Users\Ульяна\.dotnet\tools;C:\Users\Ульяна\AppData\Local\JetBrains\Toolbox\scripts
USERNAME=Ульяна
OS=Windows_NT
PROCESSOR_IDENTIFIER=AMD64 Family 23 Model 24 Stepping 1, AuthenticAMD
TMP=C:\Users\3806~1\AppData\Local\Temp
TEMP=C:\Users\3806~1\AppData\Local\Temp




Periodic native trim disabled

---------------  S Y S T E M  ---------------

OS:
 Windows 10 , 64 bit Build 19041 (10.0.19041.3636)
OS uptime: 5 days 8:07 hours
Hyper-V role detected

CPU: total 4 (initial active 4) (4 cores per cpu, 2 threads per core) family 23 model 24 stepping 1 microcode 0x0, cx8, cmov, fxsr, ht, mmx, 3dnowpref, sse, sse2, sse3, ssse3, sse4a, sse4.1, sse4.2, popcnt, lzcnt, tsc, tscinvbit, avx, avx2, aes, clmul, bmi1, bmi2, adx, sha, fma, vzeroupper, clflush, clflushopt, hv, rdtscp, f16c
Processor Information for all 4 processors :
  Max Mhz: 2600, Current Mhz: 2600, Mhz Limit: 2600

Memory: 4k page, system-wide physical 3459M (145M free)
TotalPageFile size 14211M (AvailPageFile size 32M)
current process WorkingSet (physical memory assigned to process): 11M, peak: 11M
current process commit charge ("private bytes"): 52M, peak: 107M

vm_info: OpenJDK 64-Bit Server VM (22.0.1+8-16) for windows-amd64 JRE (22.0.1+8-16), built on 2024-03-12T10:33:16Z by "mach5one" with MS VC++ 17.6 (VS2022)

END.
